#
# A fatal error has been detected by the Java Runtime Environment:
#
#  SIGSEGV (0xb) at pc=0x00007c49a8c7ef40, pid=1162414, tid=1162719
#
# JRE version: OpenJDK Runtime Environment Temurin-21.0.7+6 (21.0.7+6) (build 21.0.7+6-LTS)
# Java VM: OpenJDK 64-Bit Server VM Temurin-21.0.7+6 (21.0.7+6-LTS, mixed mode, sharing, tiered, compressed oops, compressed class ptrs, parallel gc, linux-amd64)
# Problematic frame:
# V  [libjvm.so+0x87ef40]  GenerateOopMap::do_field(int, int, int, int, Bytecodes::Code)+0x40
#
# Core dump will be written. Default location: Core dumps may be processed with "/usr/share/apport/apport -p%p -s%s -c%c -d%d -P%P -u%u -g%g -F%F -- %E" (or dumping to /home/raymundo.pillaca/projects/sispoi/core.1162414)
#
# If you would like to submit a bug report, please visit:
#   https://github.com/adoptium/adoptium-support/issues
#

---------------  S U M M A R Y ------------

Command Line: --add-modules=ALL-SYSTEM --add-opens=java.base/java.util=ALL-UNNAMED --add-opens=java.base/java.lang=ALL-UNNAMED --add-opens=java.base/sun.nio.fs=ALL-UNNAMED -Declipse.application=org.eclipse.jdt.ls.core.id1 -Dosgi.bundles.defaultStartLevel=4 -Declipse.product=org.eclipse.jdt.ls.core.product -Djava.import.generatesMetadataFilesAtProjectRoot=false -DDetectVMInstallationsJob.disabled=true -Dfile.encoding=utf8 -XX:+UseParallelGC -XX:GCTimeRatio=4 -XX:AdaptiveSizePolicyWeight=90 -Dsun.zip.disableMemoryMapping=true -Xmx1G -Xms100m -Xlog:disable -javaagent:/home/raymundo.pillaca/.vscode-server/extensions/redhat.java-1.42.0/lombok/lombok-1.18.36.jar -XX:+HeapDumpOnOutOfMemoryError -XX:HeapDumpPath=/home/raymundo.pillaca/.vscode-server/data/User/workspaceStorage/c320ce184086faafd31c788f3d7fd4e0-1/redhat.java -Daether.dependencyCollector.impl=bf /home/raymundo.pillaca/.vscode-server/extensions/redhat.java-1.42.0/server/plugins/org.eclipse.equinox.launcher_1.7.0.v20250424-1814.jar -configuration /home/raymundo.pillaca/.vscode-server/data/User/globalStorage/redhat.java/1.42.0/config_linux -data /home/raymundo.pillaca/.vscode-server/data/User/workspaceStorage/c320ce184086faafd31c788f3d7fd4e0-1/redhat.java/jdt_ws --pipe=/run/user/1001/lsp-d77dfd57a38c0045e0215059904a1a7e.sock

Host: Intel(R) Xeon(R) Gold 6418H, 8 cores, 15G, Ubuntu 24.04.2 LTS
Time: Tue Jun 24 17:29:44 2025 UTC elapsed time: 1011.363944 seconds (0d 0h 16m 51s)

---------------  T H R E A D  ---------------

Current thread (0x00007c4938006fd0):  WorkerThread "GC Thread#7"    [id=1162719, stack(0x00007c493effa000,0x00007c493f0fa000) (1024K)]

Stack: [0x00007c493effa000,0x00007c493f0fa000],  sp=0x00007c493f0f73d0,  free space=1012k
Native frames: (J=compiled Java code, j=interpreted, Vv=VM code, C=native code)
V  [libjvm.so+0x87ef40]  GenerateOopMap::do_field(int, int, int, int, Bytecodes::Code)+0x40
V  [libjvm.so+0x88342e]  GenerateOopMap::interp_bb(BasicBlock*)+0x1ee
V  [libjvm.so+0x884401]  GenerateOopMap::do_interpretation()+0xe1
V  [libjvm.so+0x88466f]  GenerateOopMap::compute_map(Thread*)+0x1ff
V  [libjvm.so+0xcf06ec]  OopMapForCacheEntry::compute_map(Thread*)+0x8c
V  [libjvm.so+0xcf1276]  OopMapCacheEntry::fill(methodHandle const&, int)+0xd6
V  [libjvm.so+0xcf20cc]  OopMapCache::lookup(methodHandle const&, int, InterpreterOopMap*)+0x26c
V  [libjvm.so+0x7a23dc]  frame::oops_interpreted_do(OopClosure*, RegisterMap const*, bool) const+0x18c
V  [libjvm.so+0x927933]  JavaThread::oops_do_frames(OopClosure*, CodeBlobClosure*) [clone .part.0]+0xd3
V  [libjvm.so+0xf78705]  Thread::oops_do(OopClosure*, CodeBlobClosure*)+0x95
V  [libjvm.so+0xd8452d]  PSThreadRootsTaskClosure::do_thread(Thread*)+0x6d
V  [libjvm.so+0xf83f39]  Threads::possibly_parallel_threads_do(bool, ThreadClosure*)+0xe9
V  [libjvm.so+0xd85636]  ScavengeRootsTask::work(unsigned int)+0x196
V  [libjvm.so+0x1035110]  WorkerThread::run()+0x80
V  [libjvm.so+0xf78c38]  Thread::call_run()+0xa8
V  [libjvm.so+0xd0487a]  thread_native_entry(Thread*)+0xda
C  [libc.so.6+0x9caa4]
JavaThread 0x00007c4874000ff0 (nid = 1163308) was being processed
Java frames: (J=compiled Java code, j=interpreted, Vv=VM code)
v  ~RuntimeStub::_new_array_nozero_Java 0x00007c499943dba7
J 6578 c2 java.lang.StringBuilder.toString()Ljava/lang/String; java.base@21.0.7 (9 bytes) @ 0x00007c4999b877e4 [0x00007c4999b873e0+0x0000000000000404]
j  org.eclipse.jdt.internal.core.search.processing.JobManager$1ProgressJob.run(Lorg/eclipse/core/runtime/IProgressMonitor;)Lorg/eclipse/core/runtime/IStatus;+46
j  org.eclipse.core.internal.jobs.Worker.run()V+32
v  ~StubRoutines::call_stub 0x00007c4999337cc6

siginfo: si_signo: 11 (SIGSEGV), si_code: 1 (SEGV_MAPERR), si_addr: 0x0000000000000006

Registers:
RAX=0x0000000000000006, RBX=0x0000000000000001, RCX=0x00007c49413e7b50, RDX=0x0000000000000009
RSP=0x00007c493f0f73d0, RBP=0x00007c493f0f7420, RSI=0x000000000000000b, RDI=0x00007c49413e7b50
R8 =0x000000000000003f, R9 =0x00000000000000b4, R10=0x00007c49a95bdaa0, R11=0x000000000000000b
R12=0x00007c493f0f7620, R13=0x0000000000000000, R14=0x000000000000003f, R15=0x00007c49413e7b50
RIP=0x00007c49a8c7ef40, EFLAGS=0x0000000000010246, CSGSFS=0x002b000000000033, ERR=0x0000000000000006
  TRAPNO=0x000000000000000e

XMM[0]=0x0000000000000000 0x0000001400000014
XMM[1]=0x0000000000000000 0x0000000000000014
XMM[2]=0x0000000000000000 0x0000000000000002
XMM[3]=0x0000000000000000 0x00007c499933eff2
XMM[4]=0x0000000000000000 0x00007c4938006fd0
XMM[5]=0x0000000000000000 0x00007c493e361910
XMM[6]=0x00007c499933eff2 0x00007c493e361910
XMM[7]=0x00007c493f0f8d80 0x00007c49a981d9d0
XMM[8]=0x0000000000000000 0x0000000042c80000
XMM[9]=0x0000000000000000 0x4059000000000000
XMM[10]=0x0000000000000000 0x000000003c73b52f
XMM[11]=0x0000000000000000 0x0000000041c80000
XMM[12]=0x0000000000000000 0x0000000000000000
XMM[13]=0x0000000000000000 0x0000000000000000
XMM[14]=0x0000000000000000 0x0000000000000000
XMM[15]=0x0000000000000000 0x0000000000000000
  MXCSR=0x00001fa2


Register to memory mapping:

RAX=0x0000000000000006 is an unknown value
RBX=0x0000000000000001 is an unknown value
RCX=0x00007c49413e7b50 is pointing into metadata
RDX=0x0000000000000009 is an unknown value
RSP=0x00007c493f0f73d0 points into unknown readable memory: 0x000000004600001f | 1f 00 00 46 00 00 00 00
RBP=0x00007c493f0f7420 points into unknown readable memory: 0x00007c493f0f74b0 | b0 74 0f 3f 49 7c 00 00
RSI=0x000000000000000b is an unknown value
RDI=0x00007c49413e7b50 is pointing into metadata
R8 =0x000000000000003f is an unknown value
R9 =0x00000000000000b4 is an unknown value
R10=0x00007c49a95bdaa0: <offset 0x00000000011bdaa0> in /home/raymundo.pillaca/.vscode-server/extensions/redhat.java-1.42.0/jre/21.0.7-linux-x86_64/lib/server/libjvm.so at 0x00007c49a8400000
R11=0x000000000000000b is an unknown value
R12=0x00007c493f0f7620 points into unknown readable memory: 0x00007c49a98237b8 | b8 37 82 a9 49 7c 00 00
R13=0x0 is null
R14=0x000000000000003f is an unknown value
R15=0x00007c49413e7b50 is pointing into metadata

Top of Stack: (sp=0x00007c493f0f73d0)
0x00007c493f0f73d0:   000000004600001f 00007c49a8c7db1b
0x00007c493f0f73e0:   000000004fffffff 8fffffff8fffffff
0x00007c493f0f73f0:   00007c498fffffff 0000000000000050
0x00007c493f0f7400:   00000000000000b4 00007c493f0f7450
0x00007c493f0f7410:   00007c49a95bd6e0 00007c493f0f7620
0x00007c493f0f7420:   00007c493f0f74b0 00007c49a8c8342e
0x00007c493f0f7430:   00007c493f0f7490 00007c49140013c0
0x00007c493f0f7440:   00007c48cc34f678 0000004f0000002d
0x00007c493f0f7450:   000000000000004f 00007c49413ec1f0
0x00007c493f0f7460:   00007c4938006fd0 000000420000003f
0x00007c493f0f7470:   000000cb00000050 000000b414000000
0x00007c493f0f7480:   00007c493f0f7620 0000000000000002
0x00007c493f0f7490:   0000000000000028 0000000000000001
0x00007c493f0f74a0:   00007c493f0f7620 0000000500000000
0x00007c493f0f74b0:   00007c493f0f74e0 00007c49a8c84401
0x00007c493f0f74c0:   00007c4914001340 00007c493f0f7620
0x00007c493f0f74d0:   00007c493f0f74f0 00007c493f0f7530
0x00007c493f0f74e0:   00007c493f0f75a0 00007c49a8c8466f
0x00007c493f0f74f0:   00007c493f0f0100 0000000000000000
0x00007c493f0f7500:   000000000000004b 00007c493f0f7600
0x00007c493f0f7510:   00007c493f0f75a0 00007c49a95219c0
0x00007c493f0f7520:   0000000000000000 00007c4914001458
0x00007c493f0f7530:   00007c493f0f0000 0000000000000000
0x00007c493f0f7540:   00007c493f0f7550 00007c494150b700
0x00007c493f0f7550:   00007c4938006fd0 0000000000000000
0x00007c493f0f7560:   0000000000000000 0000008400000000
0x00007c493f0f7570:   00007c49a4042ce0 00007c4938006170
0x00007c493f0f7580:   00007c493f0f7620 00007c49140012f0
0x00007c493f0f7590:   00007c49140016d8 00000000000003d8
0x00007c493f0f75a0:   00007c493f0f7600 00007c49a90f06ec
0x00007c493f0f75b0:   00007c49140012f0 00007c4914001300
0x00007c493f0f75c0:   00007c4914001300 00007c4938006fd0 

Instructions: (pc=0x00007c49a8c7ef40)
0x00007c49a8c7ee40:   8d 25 0a cc 8e 00 66 2e 0f 1f 84 00 00 00 00 00
0x00007c49a8c7ee50:   49 83 c5 04 48 63 43 58 41 8b 55 fc 3b 43 24 7d
0x00007c49a8c7ee60:   6f 48 63 73 20 48 8b 4b 48 8d 78 01 89 7b 58 48
0x00007c49a8c7ee70:   01 f0 89 14 81 41 8b 45 00 85 c0 75 d3 48 83 c4
0x00007c49a8c7ee80:   08 5b 41 5c 41 5d 41 5e 41 5f 5d c3 0f 1f 40 00
0x00007c49a8c7ee90:   4c 89 e6 48 89 df 31 c0 e8 f3 e7 ff ff 45 8b 3e
0x00007c49a8c7eea0:   45 85 ff 74 92 8b 43 58 49 83 c6 04 85 c0 0f 8f
0x00007c49a8c7eeb0:   5b ff ff ff 31 c0 4c 89 e6 48 89 df e8 cf e7 ff
0x00007c49a8c7eec0:   ff 8b 05 f9 ac ca 00 e9 59 ff ff ff 0f 1f 40 00
0x00007c49a8c7eed0:   4c 89 e6 48 89 df 31 c0 e8 b3 e7 ff ff 41 8b 55
0x00007c49a8c7eee0:   00 85 d2 0f 85 67 ff ff ff 48 83 c4 08 5b 41 5c
0x00007c49a8c7eef0:   41 5d 41 5e 41 5f 5d c3 0f 1f 84 00 00 00 00 00
0x00007c49a8c7ef00:   55 48 89 e5 41 57 41 56 45 89 c6 41 55 41 89 d5
0x00007c49a8c7ef10:   44 89 ca 41 54 49 89 fc 53 89 f3 89 ce 48 83 ec
0x00007c49a8c7ef20:   28 48 8b 47 08 48 8b 40 08 4c 8b 78 08 4c 89 ff
0x00007c49a8c7ef30:   e8 7b b0 e1 ff 4c 89 ff 0f b7 f0 e8 c0 b1 e1 ff
0x00007c49a8c7ef40:   0f b7 c0 49 8b 44 c7 48 0f be 78 06 e8 1f 18 5f
0x00007c49a8c7ef50:   00 8d 50 f4 83 fa 01 0f 86 a3 00 00 00 8d 48 f9
0x00007c49a8c7ef60:   48 8d 15 19 ac ca 00 83 e1 fb 74 15 83 f8 0e 48
0x00007c49a8c7ef70:   8d 15 42 ac ca 00 48 8d 05 4b ac ca 00 48 0f 44
0x00007c49a8c7ef80:   d0 85 db 75 6b 8b 32 85 f6 0f 84 a9 00 00 00 8b
0x00007c49a8c7ef90:   3d 73 ab ca 00 31 c0 48 8d 75 c0 0f 1f 44 00 00
0x00007c49a8c7efa0:   8b 0c 82 8d 58 01 89 0c 86 48 83 c0 01 8b 0c 82
0x00007c49a8c7efb0:   85 c9 75 ec 48 8d 15 0d ac ca 00 45 85 ed 75 10
0x00007c49a8c7efc0:   8b 0d 3a ab ca 00 48 63 c3 83 c3 01 89 4c 85 c0
0x00007c49a8c7efd0:   48 63 db 89 7c 9d c0 4c 89 e7 e8 f1 fd ff ff 48
0x00007c49a8c7efe0:   83 c4 28 5b 41 5c 41 5d 41 5e 41 5f 5d c3 66 90
0x00007c49a8c7eff0:   8b 3d 12 ab ca 00 31 db 48 8d 75 c0 eb bd 66 90
0x00007c49a8c7f000:   8b 3d 02 ab ca 00 41 81 e6 ff ff ff 00 48 8d 55
0x00007c49a8c7f010:   b0 41 81 ce 00 00 00 46 44 89 75 b0 89 7d b4 85
0x00007c49a8c7f020:   db 0f 84 6e ff ff ff 31 db 48 8d 55 b0 48 8d 75
0x00007c49a8c7f030:   c0 eb 88 0f 1f 44 00 00 8b 3d ca aa ca 00 48 8d 


Stack slot to memory mapping:

stack at sp + 0 slots: 0x000000004600001f is an unknown value
stack at sp + 1 slots: 0x00007c49a8c7db1b: <offset 0x000000000087db1b> in /home/raymundo.pillaca/.vscode-server/extensions/redhat.java-1.42.0/jre/21.0.7-linux-x86_64/lib/server/libjvm.so at 0x00007c49a8400000
stack at sp + 2 slots: 0x000000004fffffff is an unknown value
stack at sp + 3 slots: 0x8fffffff8fffffff is an unknown value
stack at sp + 4 slots: 0x00007c498fffffff is an unknown value
stack at sp + 5 slots: 0x0000000000000050 is an unknown value
stack at sp + 6 slots: 0x00000000000000b4 is an unknown value
stack at sp + 7 slots: 0x00007c493f0f7450 points into unknown readable memory: 0x000000000000004f | 4f 00 00 00 00 00 00 00


---------------  P R O C E S S  ---------------

Threads class SMR info:
_java_thread_list=0x00007c4820000b70, length=26, elements={
0x00007c49a402a4b0, 0x00007c49a4175330, 0x00007c49a4176860, 0x00007c49a4177fb0,
0x00007c49a41795b0, 0x00007c49a417ab10, 0x00007c49a417c610, 0x00007c49a417dc90,
0x00007c49a418dfb0, 0x00007c49a4254760, 0x00007c49a44571d0, 0x00007c49a44b2c20,
0x00007c48e001b100, 0x00007c49a44b67a0, 0x00007c48cc35d140, 0x00007c48cc47a300,
0x00007c48cc0df2c0, 0x00007c48cc256dc0, 0x00007c48cc992e00, 0x00007c4878000ff0,
0x00007c4874000ff0, 0x00007c49a42c53a0, 0x00007c487400ce20, 0x00007c49a44bec50,
0x00007c49a44bfdb0, 0x00007c4928000ff0
}
_to_delete_list=0x00007c489807ebb0
Skipping _to_delete_list fields and contents for safety.

Java Threads: ( => current thread )
  0x00007c49a402a4b0 JavaThread "main"                              [_thread_blocked, id=1162415, stack(0x00007c49a8217000,0x00007c49a8317000) (1024K)]
  0x00007c49a4175330 JavaThread "Reference Handler"          daemon [_thread_blocked, id=1162437, stack(0x00007c4948700000,0x00007c4948800000) (1024K)]
  0x00007c49a4176860 JavaThread "Finalizer"                  daemon [_thread_blocked, id=1162438, stack(0x00007c4948600000,0x00007c4948700000) (1024K)]
  0x00007c49a4177fb0 JavaThread "Signal Dispatcher"          daemon [_thread_blocked, id=1162439, stack(0x00007c4948500000,0x00007c4948600000) (1024K)]
  0x00007c49a41795b0 JavaThread "Service Thread"             daemon [_thread_blocked, id=1162440, stack(0x00007c4948400000,0x00007c4948500000) (1024K)]
  0x00007c49a417ab10 JavaThread "Monitor Deflation Thread"   daemon [_thread_blocked, id=1162441, stack(0x00007c4948300000,0x00007c4948400000) (1024K)]
  0x00007c49a417c610 JavaThread "C2 CompilerThread0"         daemon [_thread_blocked, id=1162442, stack(0x00007c4948200000,0x00007c4948300000) (1024K)]
  0x00007c49a417dc90 JavaThread "C1 CompilerThread0"         daemon [_thread_blocked, id=1162443, stack(0x00007c4948100000,0x00007c4948200000) (1024K)]
  0x00007c49a418dfb0 JavaThread "Common-Cleaner"             daemon [_thread_blocked, id=1162444, stack(0x00007c4948000000,0x00007c4948100000) (1024K)]
  0x00007c49a4254760 JavaThread "Notification Thread"        daemon [_thread_blocked, id=1162462, stack(0x00007c493fe00000,0x00007c493ff00000) (1024K)]
  0x00007c49a44571d0 JavaThread "Active Thread: Equinox Container: 3dbf946e-5215-491c-b6e3-5d0e499b07a9"        [_thread_blocked, id=1162571, stack(0x00007c493f9fd000,0x00007c493fafd000) (1024K)]
  0x00007c49a44b2c20 JavaThread "Refresh Thread: Equinox Container: 3dbf946e-5215-491c-b6e3-5d0e499b07a9" daemon [_thread_blocked, id=1162573, stack(0x00007c493f8fd000,0x00007c493f9fd000) (1024K)]
  0x00007c48e001b100 JavaThread "Framework Event Dispatcher: Equinox Container: 3dbf946e-5215-491c-b6e3-5d0e499b07a9" daemon [_thread_blocked, id=1162575, stack(0x00007c493f6fc000,0x00007c493f7fc000) (1024K)]
  0x00007c49a44b67a0 JavaThread "Start Level: Equinox Container: 3dbf946e-5215-491c-b6e3-5d0e499b07a9" daemon [_thread_blocked, id=1162576, stack(0x00007c493f5fc000,0x00007c493f6fc000) (1024K)]
  0x00007c48cc35d140 JavaThread "Bundle File Closer"         daemon [_thread_blocked, id=1162593, stack(0x00007c493f4fc000,0x00007c493f5fc000) (1024K)]
  0x00007c48cc47a300 JavaThread "SCR Component Actor"        daemon [_thread_blocked, id=1162603, stack(0x00007c493ff00000,0x00007c4940000000) (1024K)]
  0x00007c48cc0df2c0 JavaThread "Worker-JM"                         [_thread_blocked, id=1162694, stack(0x00007c493f0fa000,0x00007c493f1fa000) (1024K)]
  0x00007c48cc256dc0 JavaThread "Worker-0"                          [_thread_blocked, id=1162745, stack(0x00007c493eef9000,0x00007c493eff9000) (1024K)]
  0x00007c48cc992e00 JavaThread "Java indexing"              daemon [_thread_blocked, id=1163298, stack(0x00007c493e9f9000,0x00007c493eaf9000) (1024K)]
  0x00007c4878000ff0 JavaThread "Worker-5"                          [_thread_blocked, id=1163307, stack(0x00007c493e363000,0x00007c493e463000) (1024K)]
  0x00007c4874000ff0 JavaThread "Worker-6: Java indexing... "        [_thread_blocked, id=1163308, stack(0x00007c493e263000,0x00007c493e363000) (1024K)]
  0x00007c49a42c53a0 JavaThread "pool-2-thread-1"                   [_thread_blocked, id=1163309, stack(0x00007c493e163000,0x00007c493e263000) (1024K)]
  0x00007c487400ce20 JavaThread "Worker-7: Check JDK Index"         [_thread_blocked, id=1163310, stack(0x00007c493e6f9000,0x00007c493e7f9000) (1024K)]
  0x00007c49a44bec50 JavaThread "WorkspaceEventsHandler"            [_thread_blocked, id=1163311, stack(0x00007c493e5f9000,0x00007c493e6f9000) (1024K)]
  0x00007c49a44bfdb0 JavaThread "pool-1-thread-1"                   [_thread_blocked, id=1163312, stack(0x00007c493e4f9000,0x00007c493e5f9000) (1024K)]
  0x00007c4928000ff0 JavaThread "Attach Listener"            daemon [_thread_blocked, id=1165138, stack(0x00007c493d963000,0x00007c493da63000) (1024K)]
Total: 26

Other Threads:
  0x00007c49a416bd90 VMThread "VM Thread"                           [id=1162436, stack(0x00007c4948afc000,0x00007c4948bfc000) (1024K)]
  0x00007c49a4052180 WatcherThread "VM Periodic Task Thread"        [id=1162435, stack(0x00007c4991500000,0x00007c4991600000) (1024K)]
  0x00007c49a4042e60 WorkerThread "GC Thread#0"                     [id=1162430, stack(0x00007c4991d00000,0x00007c4991e00000) (1024K)]
  0x00007c4938001180 WorkerThread "GC Thread#1"                     [id=1162550, stack(0x00007c493fd00000,0x00007c493fe00000) (1024K)]
  0x00007c4938003190 WorkerThread "GC Thread#2"                     [id=1162551, stack(0x00007c493fbff000,0x00007c493fcff000) (1024K)]
  0x00007c4938003bb0 WorkerThread "GC Thread#3"                     [id=1162552, stack(0x00007c493fafe000,0x00007c493fbfe000) (1024K)]
  0x00007c4938004800 WorkerThread "GC Thread#4"                     [id=1162574, stack(0x00007c493f7fd000,0x00007c493f8fd000) (1024K)]
  0x00007c4938005730 WorkerThread "GC Thread#5"                     [id=1162594, stack(0x00007c493f3fc000,0x00007c493f4fc000) (1024K)]
  0x00007c49380062c0 WorkerThread "GC Thread#6"                     [id=1162633, stack(0x00007c493f1fb000,0x00007c493f2fb000) (1024K)]
=>0x00007c4938006fd0 WorkerThread "GC Thread#7"                     [id=1162719, stack(0x00007c493effa000,0x00007c493f0fa000) (1024K)]
Total: 10

Threads with active compile tasks:
C2 CompilerThread0  1011519 15142       4       java.util.concurrent.TimeUnit::toNanos (45 bytes)
C1 CompilerThread0  1011519 15145       3       org.eclipse.core.runtime.NullProgressMonitor::subTask (1 bytes)
Total: 2

VM state: at safepoint (normal execution)

VM Mutex/Monitor currently owned by a thread:  ([mutex/lock_event])
[0x00007c49a9945cd0] Threads_lock - owner thread: 0x00007c49a416bd90
[0x00007c49a9945bd0] Heap_lock - owner thread: 0x00007c4874000ff0

Heap address: 0x00000000c0000000, size: 1024 MB, Compressed Oops mode: 32-bit

CDS archive(s) mapped at: [0x00007c4949000000-0x00007c4949bb6000-0x00007c4949bb6000), size 12279808, SharedBaseAddress: 0x00007c4949000000, ArchiveRelocationMode: 1.
Compressed class space mapped at: 0x00007c494a000000-0x00007c498a000000, reserved size: 1073741824
Narrow klass base: 0x00007c4949000000, Narrow klass shift: 0, Narrow klass range: 0x100000000

GC Precious Log:
 CardTable entry size: 512
 CPUs: 8 total, 8 available
 Memory: 15991M
 Large Page Support: Disabled
 NUMA Support: Disabled
 Compressed Oops: Enabled (32-bit)
 Alignments: Space 512K, Generation 512K, Heap 2M
 Heap Min Capacity: 100M
 Heap Initial Capacity: 100M
 Heap Max Capacity: 1G
 Pre-touch: Disabled
 Parallel Workers: 8

Heap:
 PSYoungGen      total 14336K, used 14328K [0x00000000eab00000, 0x00000000ebf00000, 0x0000000100000000)
  eden space 12800K, 100% used [0x00000000eab00000,0x00000000eb780000,0x00000000eb780000)
  from space 1536K, 99% used [0x00000000eba80000,0x00000000ebbfe008,0x00000000ebc00000)
  to   space 3072K, 30% used [0x00000000eb780000,0x00000000eb868000,0x00000000eba80000)
 ParOldGen       total 638464K, used 638004K [0x00000000c0000000, 0x00000000e6f80000, 0x00000000eab00000)
  object space 638464K, 99% used [0x00000000c0000000,0x00000000e6f0d208,0x00000000e6f80000)
 Metaspace       used 72324K, committed 73920K, reserved 1179648K
  class space    used 7299K, committed 8000K, reserved 1048576K

Card table byte_map: [0x00007c4991a00000,0x00007c4991c01000] _byte_map_base: 0x00007c4991400000

Marking Bits: (ParMarkBitMap*) 0x00007c49a994bea0
 Begin Bits: [0x00007c498a000000, 0x00007c498b000000)
 End Bits:   [0x00007c498b000000, 0x00007c498c000000)

Polling page: 0x00007c49a9c35000

Metaspace:

Usage:
  Non-class:     63,50 MB used.
      Class:      7,13 MB used.
       Both:     70,63 MB used.

Virtual space:
  Non-class space:      128,00 MB reserved,      64,38 MB ( 50%) committed,  2 nodes.
      Class space:        1,00 GB reserved,       7,81 MB ( <1%) committed,  1 nodes.
             Both:        1,12 GB reserved,      72,19 MB (  6%) committed. 

Chunk freelists:
   Non-Class:  15,55 MB
       Class:  8,25 MB
        Both:  23,80 MB

MaxMetaspaceSize: unlimited
CompressedClassSpaceSize: 1,00 GB
Initial GC threshold: 21,00 MB
Current GC threshold: 97,31 MB
CDS: on
 - commit_granule_bytes: 65536.
 - commit_granule_words: 8192.
 - virtual_space_node_default_size: 8388608.
 - enlarge_chunks_in_place: 1.
 - use_allocation_guard: 0.


Internal statistics:

num_allocs_failed_limit: 9.
num_arena_births: 1390.
num_arena_deaths: 14.
num_vsnodes_births: 3.
num_vsnodes_deaths: 0.
num_space_committed: 1155.
num_space_uncommitted: 0.
num_chunks_returned_to_freelist: 23.
num_chunks_taken_from_freelist: 4725.
num_chunk_merges: 15.
num_chunk_splits: 2847.
num_chunks_enlarged: 1534.
num_inconsistent_stats: 0.

CodeHeap 'non-profiled nmethods': size=120028Kb used=10906Kb max_used=10906Kb free=109121Kb
 bounds [0x00007c49998c9000, 0x00007c499a379000, 0x00007c49a0e00000]
CodeHeap 'profiled nmethods': size=120028Kb used=32670Kb max_used=32670Kb free=87357Kb
 bounds [0x00007c4991e00000, 0x00007c4993df0000, 0x00007c4999337000]
CodeHeap 'non-nmethods': size=5704Kb used=1470Kb max_used=1550Kb free=4233Kb
 bounds [0x00007c4999337000, 0x00007c49995a7000, 0x00007c49998c9000]
 total_blobs=15006 nmethods=14224 adapters=687
 compilation: enabled
              stopped_count=0, restarted_count=0
 full_count=0

Compilation events (20 events):
Event: 796,304 Thread 0x00007c49a417dc90 nmethod 15135 0x00007c4993de4190 code [0x00007c4993de4320, 0x00007c4993de4438]
Event: 796,305 Thread 0x00007c49a417c610 nmethod 15134 0x00007c499a36df90 code [0x00007c499a36e140, 0x00007c499a36e3b8]
Event: 796,317 Thread 0x00007c49a417dc90 15136       3       org.eclipse.lsp4j.jsonrpc.messages.Either::isLeft (13 bytes)
Event: 796,317 Thread 0x00007c49a417c610 15137       4       java.io.StringWriter::write (11 bytes)
Event: 796,317 Thread 0x00007c49a417dc90 nmethod 15136 0x00007c4993de4510 code [0x00007c4993de46a0, 0x00007c4993de47f8]
Event: 796,323 Thread 0x00007c49a417c610 nmethod 15137 0x00007c499a36e610 code [0x00007c499a36e7e0, 0x00007c499a36ecd0]
Event: 796,477 Thread 0x00007c49a417dc90 15138       3       org.eclipse.core.internal.jobs.JobQueue::canOvertake (69 bytes)
Event: 796,489 Thread 0x00007c49a417c610 15139       4       org.eclipse.core.runtime.SubMonitor::consume (134 bytes)
Event: 796,501 Thread 0x00007c49a417dc90 nmethod 15138 0x00007c4993de4890 code [0x00007c4993de4a80, 0x00007c4993de5070]
Event: 796,521 Thread 0x00007c49a417dc90 15140   !   3       com.google.gson.Gson::toJson (178 bytes)
Event: 796,529 Thread 0x00007c49a417c610 nmethod 15139 0x00007c499a36ef90 code [0x00007c499a36f120, 0x00007c499a36f2b0]
Event: 796,529 Thread 0x00007c49a417dc90 nmethod 15140 0x00007c4993de5210 code [0x00007c4993de5560, 0x00007c4993de6808]
Event: 797,826 Thread 0x00007c49a417c610 15141       4       org.eclipse.core.runtime.Assert::isNotNull (7 bytes)
Event: 799,003 Thread 0x00007c49a417dc90 15143       1       org.eclipse.lsp4j.WindowClientCapabilities::getWorkDoneProgress (5 bytes)
Event: 808,325 Thread 0x00007c49a417dc90 nmethod 15143 0x00007c499a36f390 code [0x00007c499a36f520, 0x00007c499a36f5e0]
Event: 818,461 Thread 0x00007c49a417dc90 15144       3       org.eclipse.jdt.internal.core.util.Messages::bind (17 bytes)
Event: 819,872 Thread 0x00007c49a417c610 nmethod 15141 0x00007c499a36f690 code [0x00007c499a36f800, 0x00007c499a36f880]
Event: 820,092 Thread 0x00007c49a417c610 15142       4       java.util.concurrent.TimeUnit::toNanos (45 bytes)
Event: 926,142 Thread 0x00007c49a417dc90 nmethod 15144 0x00007c4993de7210 code [0x00007c4993de7400, 0x00007c4993de79a0]
Event: 932,269 Thread 0x00007c49a417dc90 15145       3       org.eclipse.core.runtime.NullProgressMonitor::subTask (1 bytes)

GC Heap History (20 events):
Event: 796,241 GC heap after
{Heap after GC invocations=244 (full 3):
 PSYoungGen      total 13824K, used 1472K [0x00000000eab00000, 0x00000000ebc00000, 0x0000000100000000)
  eden space 11776K, 0% used [0x00000000eab00000,0x00000000eab00000,0x00000000eb680000)
  from space 2048K, 71% used [0x00000000eb680000,0x00000000eb7f0000,0x00000000eb880000)
  to   space 1536K, 0% used [0x00000000eba80000,0x00000000eba80000,0x00000000ebc00000)
 ParOldGen       total 628736K, used 628446K [0x00000000c0000000, 0x00000000e6600000, 0x00000000eab00000)
  object space 628736K, 99% used [0x00000000c0000000,0x00000000e65b7b60,0x00000000e6600000)
 Metaspace       used 72316K, committed 73920K, reserved 1179648K
  class space    used 7299K, committed 8000K, reserved 1048576K
}
Event: 796,286 GC heap before
{Heap before GC invocations=245 (full 3):
 PSYoungGen      total 13824K, used 13248K [0x00000000eab00000, 0x00000000ebc00000, 0x0000000100000000)
  eden space 11776K, 100% used [0x00000000eab00000,0x00000000eb680000,0x00000000eb680000)
  from space 2048K, 71% used [0x00000000eb680000,0x00000000eb7f0000,0x00000000eb880000)
  to   space 1536K, 0% used [0x00000000eba80000,0x00000000eba80000,0x00000000ebc00000)
 ParOldGen       total 628736K, used 628446K [0x00000000c0000000, 0x00000000e6600000, 0x00000000eab00000)
  object space 628736K, 99% used [0x00000000c0000000,0x00000000e65b7b60,0x00000000e6600000)
 Metaspace       used 72318K, committed 73920K, reserved 1179648K
  class space    used 7299K, committed 8000K, reserved 1048576K
}
Event: 796,291 GC heap after
{Heap after GC invocations=245 (full 3):
 PSYoungGen      total 12800K, used 768K [0x00000000eab00000, 0x00000000ebb80000, 0x0000000100000000)
  eden space 11776K, 0% used [0x00000000eab00000,0x00000000eab00000,0x00000000eb680000)
  from space 1024K, 75% used [0x00000000eba80000,0x00000000ebb40000,0x00000000ebb80000)
  to   space 1536K, 0% used [0x00000000eb880000,0x00000000eb880000,0x00000000eba00000)
 ParOldGen       total 630272K, used 629782K [0x00000000c0000000, 0x00000000e6780000, 0x00000000eab00000)
  object space 630272K, 99% used [0x00000000c0000000,0x00000000e6705b60,0x00000000e6780000)
 Metaspace       used 72318K, committed 73920K, reserved 1179648K
  class space    used 7299K, committed 8000K, reserved 1048576K
}
Event: 796,314 GC heap before
{Heap before GC invocations=246 (full 3):
 PSYoungGen      total 12800K, used 12544K [0x00000000eab00000, 0x00000000ebb80000, 0x0000000100000000)
  eden space 11776K, 100% used [0x00000000eab00000,0x00000000eb680000,0x00000000eb680000)
  from space 1024K, 75% used [0x00000000eba80000,0x00000000ebb40000,0x00000000ebb80000)
  to   space 1536K, 0% used [0x00000000eb880000,0x00000000eb880000,0x00000000eba00000)
 ParOldGen       total 630272K, used 629782K [0x00000000c0000000, 0x00000000e6780000, 0x00000000eab00000)
  object space 630272K, 99% used [0x00000000c0000000,0x00000000e6705b60,0x00000000e6780000)
 Metaspace       used 72319K, committed 73920K, reserved 1179648K
  class space    used 7299K, committed 8000K, reserved 1048576K
}
Event: 796,316 GC heap after
{Heap after GC invocations=246 (full 3):
 PSYoungGen      total 13312K, used 930K [0x00000000eab00000, 0x00000000ebb00000, 0x0000000100000000)
  eden space 11776K, 0% used [0x00000000eab00000,0x00000000eab00000,0x00000000eb680000)
  from space 1536K, 60% used [0x00000000eb880000,0x00000000eb968940,0x00000000eba00000)
  to   space 1024K, 0% used [0x00000000eba00000,0x00000000eba00000,0x00000000ebb00000)
 ParOldGen       total 630272K, used 630094K [0x00000000c0000000, 0x00000000e6780000, 0x00000000eab00000)
  object space 630272K, 99% used [0x00000000c0000000,0x00000000e6753b60,0x00000000e6780000)
 Metaspace       used 72319K, committed 73920K, reserved 1179648K
  class space    used 7299K, committed 8000K, reserved 1048576K
}
Event: 796,348 GC heap before
{Heap before GC invocations=247 (full 3):
 PSYoungGen      total 13312K, used 12706K [0x00000000eab00000, 0x00000000ebb00000, 0x0000000100000000)
  eden space 11776K, 100% used [0x00000000eab00000,0x00000000eb680000,0x00000000eb680000)
  from space 1536K, 60% used [0x00000000eb880000,0x00000000eb968940,0x00000000eba00000)
  to   space 1024K, 0% used [0x00000000eba00000,0x00000000eba00000,0x00000000ebb00000)
 ParOldGen       total 630272K, used 630094K [0x00000000c0000000, 0x00000000e6780000, 0x00000000eab00000)
  object space 630272K, 99% used [0x00000000c0000000,0x00000000e6753b60,0x00000000e6780000)
 Metaspace       used 72319K, committed 73920K, reserved 1179648K
  class space    used 7299K, committed 8000K, reserved 1048576K
}
Event: 796,362 GC heap after
{Heap after GC invocations=247 (full 3):
 PSYoungGen      total 12800K, used 1024K [0x00000000eab00000, 0x00000000ebb00000, 0x0000000100000000)
  eden space 11776K, 0% used [0x00000000eab00000,0x00000000eab00000,0x00000000eb680000)
  from space 1024K, 100% used [0x00000000eba00000,0x00000000ebb00000,0x00000000ebb00000)
  to   space 1536K, 0% used [0x00000000eb800000,0x00000000eb800000,0x00000000eb980000)
 ParOldGen       total 630784K, used 630422K [0x00000000c0000000, 0x00000000e6800000, 0x00000000eab00000)
  object space 630784K, 99% used [0x00000000c0000000,0x00000000e67a5b60,0x00000000e6800000)
 Metaspace       used 72319K, committed 73920K, reserved 1179648K
  class space    used 7299K, committed 8000K, reserved 1048576K
}
Event: 796,440 GC heap before
{Heap before GC invocations=248 (full 3):
 PSYoungGen      total 12800K, used 12800K [0x00000000eab00000, 0x00000000ebb00000, 0x0000000100000000)
  eden space 11776K, 100% used [0x00000000eab00000,0x00000000eb680000,0x00000000eb680000)
  from space 1024K, 100% used [0x00000000eba00000,0x00000000ebb00000,0x00000000ebb00000)
  to   space 1536K, 0% used [0x00000000eb800000,0x00000000eb800000,0x00000000eb980000)
 ParOldGen       total 630784K, used 630422K [0x00000000c0000000, 0x00000000e6800000, 0x00000000eab00000)
  object space 630784K, 99% used [0x00000000c0000000,0x00000000e67a5b60,0x00000000e6800000)
 Metaspace       used 72319K, committed 73920K, reserved 1179648K
  class space    used 7299K, committed 8000K, reserved 1048576K
}
Event: 796,450 GC heap after
{Heap after GC invocations=248 (full 3):
 PSYoungGen      total 13312K, used 512K [0x00000000eab00000, 0x00000000eba80000, 0x0000000100000000)
  eden space 11776K, 0% used [0x00000000eab00000,0x00000000eab00000,0x00000000eb680000)
  from space 1536K, 33% used [0x00000000eb800000,0x00000000eb880000,0x00000000eb980000)
  to   space 1024K, 0% used [0x00000000eb980000,0x00000000eb980000,0x00000000eba80000)
 ParOldGen       total 630784K, used 630638K [0x00000000c0000000, 0x00000000e6800000, 0x00000000eab00000)
  object space 630784K, 99% used [0x00000000c0000000,0x00000000e67dbb60,0x00000000e6800000)
 Metaspace       used 72319K, committed 73920K, reserved 1179648K
  class space    used 7299K, committed 8000K, reserved 1048576K
}
Event: 796,504 GC heap before
{Heap before GC invocations=249 (full 3):
 PSYoungGen      total 13312K, used 12288K [0x00000000eab00000, 0x00000000eba80000, 0x0000000100000000)
  eden space 11776K, 100% used [0x00000000eab00000,0x00000000eb680000,0x00000000eb680000)
  from space 1536K, 33% used [0x00000000eb800000,0x00000000eb880000,0x00000000eb980000)
  to   space 1024K, 0% used [0x00000000eb980000,0x00000000eb980000,0x00000000eba80000)
 ParOldGen       total 630784K, used 630638K [0x00000000c0000000, 0x00000000e6800000, 0x00000000eab00000)
  object space 630784K, 99% used [0x00000000c0000000,0x00000000e67dbb60,0x00000000e6800000)
 Metaspace       used 72321K, committed 73920K, reserved 1179648K
  class space    used 7299K, committed 8000K, reserved 1048576K
}
Event: 796,513 GC heap after
{Heap after GC invocations=249 (full 3):
 PSYoungGen      total 12800K, used 1004K [0x00000000eab00000, 0x00000000eba80000, 0x0000000100000000)
  eden space 11776K, 0% used [0x00000000eab00000,0x00000000eab00000,0x00000000eb680000)
  from space 1024K, 98% used [0x00000000eb980000,0x00000000eba7b330,0x00000000eba80000)
  to   space 2048K, 0% used [0x00000000eb680000,0x00000000eb680000,0x00000000eb880000)
 ParOldGen       total 631296K, used 631142K [0x00000000c0000000, 0x00000000e6880000, 0x00000000eab00000)
  object space 631296K, 99% used [0x00000000c0000000,0x00000000e6859b60,0x00000000e6880000)
 Metaspace       used 72321K, committed 73920K, reserved 1179648K
  class space    used 7299K, committed 8000K, reserved 1048576K
}
Event: 796,545 GC heap before
{Heap before GC invocations=250 (full 3):
 PSYoungGen      total 12800K, used 12780K [0x00000000eab00000, 0x00000000eba80000, 0x0000000100000000)
  eden space 11776K, 100% used [0x00000000eab00000,0x00000000eb680000,0x00000000eb680000)
  from space 1024K, 98% used [0x00000000eb980000,0x00000000eba7b330,0x00000000eba80000)
  to   space 2048K, 0% used [0x00000000eb680000,0x00000000eb680000,0x00000000eb880000)
 ParOldGen       total 631296K, used 631142K [0x00000000c0000000, 0x00000000e6880000, 0x00000000eab00000)
  object space 631296K, 99% used [0x00000000c0000000,0x00000000e6859b60,0x00000000e6880000)
 Metaspace       used 72323K, committed 73920K, reserved 1179648K
  class space    used 7299K, committed 8000K, reserved 1048576K
}
Event: 796,563 GC heap after
{Heap after GC invocations=250 (full 3):
 PSYoungGen      total 13824K, used 1750K [0x00000000eab00000, 0x00000000eba80000, 0x0000000100000000)
  eden space 11776K, 0% used [0x00000000eab00000,0x00000000eab00000,0x00000000eb680000)
  from space 2048K, 85% used [0x00000000eb680000,0x00000000eb835808,0x00000000eb880000)
  to   space 2048K, 0% used [0x00000000eb880000,0x00000000eb880000,0x00000000eba80000)
 ParOldGen       total 632320K, used 632058K [0x00000000c0000000, 0x00000000e6980000, 0x00000000eab00000)
  object space 632320K, 99% used [0x00000000c0000000,0x00000000e693ebe8,0x00000000e6980000)
 Metaspace       used 72323K, committed 73920K, reserved 1179648K
  class space    used 7299K, committed 8000K, reserved 1048576K
}
Event: 796,597 GC heap before
{Heap before GC invocations=251 (full 3):
 PSYoungGen      total 13824K, used 13526K [0x00000000eab00000, 0x00000000eba80000, 0x0000000100000000)
  eden space 11776K, 100% used [0x00000000eab00000,0x00000000eb680000,0x00000000eb680000)
  from space 2048K, 85% used [0x00000000eb680000,0x00000000eb835808,0x00000000eb880000)
  to   space 2048K, 0% used [0x00000000eb880000,0x00000000eb880000,0x00000000eba80000)
 ParOldGen       total 632320K, used 632058K [0x00000000c0000000, 0x00000000e6980000, 0x00000000eab00000)
  object space 632320K, 99% used [0x00000000c0000000,0x00000000e693ebe8,0x00000000e6980000)
 Metaspace       used 72323K, committed 73920K, reserved 1179648K
  class space    used 7299K, committed 8000K, reserved 1048576K
}
Event: 796,609 GC heap after
{Heap after GC invocations=251 (full 3):
 PSYoungGen      total 13824K, used 1644K [0x00000000eab00000, 0x00000000eba80000, 0x0000000100000000)
  eden space 11776K, 0% used [0x00000000eab00000,0x00000000eab00000,0x00000000eb680000)
  from space 2048K, 80% used [0x00000000eb880000,0x00000000eba1b008,0x00000000eba80000)
  to   space 2048K, 0% used [0x00000000eb680000,0x00000000eb680000,0x00000000eb880000)
 ParOldGen       total 633856K, used 633666K [0x00000000c0000000, 0x00000000e6b00000, 0x00000000eab00000)
  object space 633856K, 99% used [0x00000000c0000000,0x00000000e6ad0be8,0x00000000e6b00000)
 Metaspace       used 72323K, committed 73920K, reserved 1179648K
  class space    used 7299K, committed 8000K, reserved 1048576K
}
Event: 796,642 GC heap before
{Heap before GC invocations=252 (full 3):
 PSYoungGen      total 13824K, used 13420K [0x00000000eab00000, 0x00000000eba80000, 0x0000000100000000)
  eden space 11776K, 100% used [0x00000000eab00000,0x00000000eb680000,0x00000000eb680000)
  from space 2048K, 80% used [0x00000000eb880000,0x00000000eba1b008,0x00000000eba80000)
  to   space 2048K, 0% used [0x00000000eb680000,0x00000000eb680000,0x00000000eb880000)
 ParOldGen       total 633856K, used 633666K [0x00000000c0000000, 0x00000000e6b00000, 0x00000000eab00000)
  object space 633856K, 99% used [0x00000000c0000000,0x00000000e6ad0be8,0x00000000e6b00000)
 Metaspace       used 72323K, committed 73920K, reserved 1179648K
  class space    used 7299K, committed 8000K, reserved 1048576K
}
Event: 796,667 GC heap after
{Heap after GC invocations=252 (full 3):
 PSYoungGen      total 13824K, used 1376K [0x00000000eab00000, 0x00000000ebc00000, 0x0000000100000000)
  eden space 11776K, 0% used [0x00000000eab00000,0x00000000eab00000,0x00000000eb680000)
  from space 2048K, 67% used [0x00000000eb680000,0x00000000eb7d8000,0x00000000eb880000)
  to   space 1536K, 0% used [0x00000000eba80000,0x00000000eba80000,0x00000000ebc00000)
 ParOldGen       total 635392K, used 635270K [0x00000000c0000000, 0x00000000e6c80000, 0x00000000eab00000)
  object space 635392K, 99% used [0x00000000c0000000,0x00000000e6c61bf0,0x00000000e6c80000)
 Metaspace       used 72323K, committed 73920K, reserved 1179648K
  class space    used 7299K, committed 8000K, reserved 1048576K
}
Event: 796,713 GC heap before
{Heap before GC invocations=253 (full 3):
 PSYoungGen      total 13824K, used 13152K [0x00000000eab00000, 0x00000000ebc00000, 0x0000000100000000)
  eden space 11776K, 100% used [0x00000000eab00000,0x00000000eb680000,0x00000000eb680000)
  from space 2048K, 67% used [0x00000000eb680000,0x00000000eb7d8000,0x00000000eb880000)
  to   space 1536K, 0% used [0x00000000eba80000,0x00000000eba80000,0x00000000ebc00000)
 ParOldGen       total 635392K, used 635270K [0x00000000c0000000, 0x00000000e6c80000, 0x00000000eab00000)
  object space 635392K, 99% used [0x00000000c0000000,0x00000000e6c61bf0,0x00000000e6c80000)
 Metaspace       used 72323K, committed 73920K, reserved 1179648K
  class space    used 7299K, committed 8000K, reserved 1048576K
}
Event: 796,779 GC heap after
{Heap after GC invocations=253 (full 3):
 PSYoungGen      total 14336K, used 1528K [0x00000000eab00000, 0x00000000ebf00000, 0x0000000100000000)
  eden space 12800K, 0% used [0x00000000eab00000,0x00000000eab00000,0x00000000eb780000)
  from space 1536K, 99% used [0x00000000eba80000,0x00000000ebbfe008,0x00000000ebc00000)
  to   space 3072K, 0% used [0x00000000eb780000,0x00000000eb780000,0x00000000eba80000)
 ParOldGen       total 636928K, used 636508K [0x00000000c0000000, 0x00000000e6e00000, 0x00000000eab00000)
  object space 636928K, 99% used [0x00000000c0000000,0x00000000e6d97200,0x00000000e6e00000)
 Metaspace       used 72323K, committed 73920K, reserved 1179648K
  class space    used 7299K, committed 8000K, reserved 1048576K
}
Event: 953,590 GC heap before
{Heap before GC invocations=254 (full 3):
 PSYoungGen      total 14336K, used 14328K [0x00000000eab00000, 0x00000000ebf00000, 0x0000000100000000)
  eden space 12800K, 100% used [0x00000000eab00000,0x00000000eb780000,0x00000000eb780000)
  from space 1536K, 99% used [0x00000000eba80000,0x00000000ebbfe008,0x00000000ebc00000)
  to   space 3072K, 0% used [0x00000000eb780000,0x00000000eb780000,0x00000000eba80000)
 ParOldGen       total 636928K, used 636508K [0x00000000c0000000, 0x00000000e6e00000, 0x00000000eab00000)
  object space 636928K, 99% used [0x00000000c0000000,0x00000000e6d97200,0x00000000e6e00000)
 Metaspace       used 72324K, committed 73920K, reserved 1179648K
  class space    used 7299K, committed 8000K, reserved 1048576K
}

Dll operation events (12 events):
Event: 0,005 Loaded shared library /home/raymundo.pillaca/.vscode-server/extensions/redhat.java-1.42.0/jre/21.0.7-linux-x86_64/lib/libjava.so
Event: 0,089 Loaded shared library /home/raymundo.pillaca/.vscode-server/extensions/redhat.java-1.42.0/jre/21.0.7-linux-x86_64/lib/libzip.so
Event: 0,135 Loaded shared library /home/raymundo.pillaca/.vscode-server/extensions/redhat.java-1.42.0/jre/21.0.7-linux-x86_64/lib/libinstrument.so
Event: 0,138 Loaded shared library /home/raymundo.pillaca/.vscode-server/extensions/redhat.java-1.42.0/jre/21.0.7-linux-x86_64/lib/libnio.so
Event: 0,139 Loaded shared library /home/raymundo.pillaca/.vscode-server/extensions/redhat.java-1.42.0/jre/21.0.7-linux-x86_64/lib/libzip.so
Event: 0,170 Loaded shared library /home/raymundo.pillaca/.vscode-server/extensions/redhat.java-1.42.0/jre/21.0.7-linux-x86_64/lib/libjimage.so
Event: 0,289 Loaded shared library /home/raymundo.pillaca/.vscode-server/extensions/redhat.java-1.42.0/jre/21.0.7-linux-x86_64/lib/libverify.so
Event: 1,202 Loaded shared library /home/raymundo.pillaca/.vscode-server/extensions/redhat.java-1.42.0/jre/21.0.7-linux-x86_64/lib/libnet.so
Event: 1,830 Loaded shared library /home/raymundo.pillaca/.vscode-server/data/User/globalStorage/redhat.java/1.42.0/config_linux/org.eclipse.equinox.launcher/org.eclipse.equinox.launcher.gtk.linux.x86_64_1.2.1400.v20250331-1702/eclipse_11911.so
Event: 157,525 Loaded shared library /home/raymundo.pillaca/.vscode-server/extensions/redhat.java-1.42.0/jre/21.0.7-linux-x86_64/lib/libmanagement.so
Event: 157,581 Loaded shared library /home/raymundo.pillaca/.vscode-server/extensions/redhat.java-1.42.0/jre/21.0.7-linux-x86_64/lib/libmanagement_ext.so
Event: 161,191 Loaded shared library /home/raymundo.pillaca/.vscode-server/extensions/redhat.java-1.42.0/jre/21.0.7-linux-x86_64/lib/libextnet.so

Deoptimization events (20 events):
Event: 795,589 Thread 0x00007c48cc992e00 DEOPT PACKING pc=0x00007c499a31c57c sp=0x00007c493eaf7400
Event: 795,589 Thread 0x00007c48cc992e00 DEOPT UNPACKING pc=0x00007c499938d619 sp=0x00007c493eaf7388 mode 2
Event: 795,623 Thread 0x00007c48cc992e00 Uncommon trap: trap_request=0xffffff45 fr.pc=0x00007c4999cc2d64 relative=0x00000000000002e4
Event: 795,623 Thread 0x00007c48cc992e00 Uncommon trap: reason=unstable_if action=reinterpret pc=0x00007c4999cc2d64 method=org.eclipse.jdt.internal.compiler.parser.Scanner.scanIdentifierOrKeywordWithBoundCheck()Lorg/eclipse/jdt/internal/compiler/parser/TerminalToken; @ 146 c2
Event: 795,623 Thread 0x00007c48cc992e00 DEOPT PACKING pc=0x00007c4999cc2d64 sp=0x00007c493eaf7680
Event: 795,623 Thread 0x00007c48cc992e00 DEOPT UNPACKING pc=0x00007c499938d619 sp=0x00007c493eaf7578 mode 2
Event: 795,623 Thread 0x00007c48cc992e00 Uncommon trap: trap_request=0xffffff45 fr.pc=0x00007c4999c2737c relative=0x000000000000021c
Event: 795,623 Thread 0x00007c48cc992e00 Uncommon trap: reason=unstable_if action=reinterpret pc=0x00007c4999c2737c method=org.eclipse.jdt.internal.compiler.parser.Scanner.scanIdentifierOrKeywordWithBoundCheck()Lorg/eclipse/jdt/internal/compiler/parser/TerminalToken; @ 146 c2
Event: 795,623 Thread 0x00007c48cc992e00 DEOPT PACKING pc=0x00007c4999c2737c sp=0x00007c493eaf75c0
Event: 795,623 Thread 0x00007c48cc992e00 DEOPT UNPACKING pc=0x00007c499938d619 sp=0x00007c493eaf7568 mode 2
Event: 795,642 Thread 0x00007c48cc992e00 DEOPT PACKING pc=0x00007c4993ddb92f sp=0x00007c493eaf7590
Event: 795,642 Thread 0x00007c48cc992e00 DEOPT UNPACKING pc=0x00007c499938e14f sp=0x00007c493eaf6a50 mode 0
Event: 795,664 Thread 0x00007c48cc992e00 DEOPT PACKING pc=0x00007c4993ddb92f sp=0x00007c493eaf7590
Event: 795,664 Thread 0x00007c48cc992e00 DEOPT UNPACKING pc=0x00007c499938e14f sp=0x00007c493eaf6a50 mode 0
Event: 796,050 Thread 0x00007c48cc992e00 Uncommon trap: trap_request=0xffffff45 fr.pc=0x00007c4999fb8cc8 relative=0x0000000000000128
Event: 796,051 Thread 0x00007c48cc992e00 Uncommon trap: reason=unstable_if action=reinterpret pc=0x00007c4999fb8cc8 method=org.eclipse.jdt.internal.core.index.DiskIndex.writeStreamInt(Ljava/io/OutputStream;I)V @ 9 c2
Event: 796,052 Thread 0x00007c48cc992e00 DEOPT PACKING pc=0x00007c4999fb8cc8 sp=0x00007c493eaf7550
Event: 796,052 Thread 0x00007c48cc992e00 DEOPT UNPACKING pc=0x00007c499938d619 sp=0x00007c493eaf7500 mode 2
Event: 796,277 Thread 0x00007c48cc992e00 DEOPT PACKING pc=0x00007c4991f304e1 sp=0x00007c493eaf7550
Event: 796,277 Thread 0x00007c48cc992e00 DEOPT UNPACKING pc=0x00007c499938e14f sp=0x00007c493eaf6a68 mode 0

Classes loaded (20 events):
Event: 558,192 Loading class java/nio/charset/IllegalCharsetNameException
Event: 558,192 Loading class java/nio/charset/IllegalCharsetNameException done
Event: 558,192 Loading class java/io/SequenceInputStream
Event: 558,192 Loading class java/io/SequenceInputStream done
Event: 558,330 Loading class java/util/Hashtable$KeySet
Event: 558,330 Loading class java/util/Hashtable$KeySet done
Event: 558,411 Loading class java/lang/invoke/MethodHandleImpl$CountingWrapper$1
Event: 558,413 Loading class java/lang/invoke/MethodHandleImpl$CountingWrapper$1 done
Event: 559,474 Loading class java/util/HashMap$EntrySpliterator
Event: 559,474 Loading class java/util/HashMap$EntrySpliterator done
Event: 559,497 Loading class java/util/stream/ReduceOps$5
Event: 559,497 Loading class java/util/stream/ReduceOps$5 done
Event: 559,497 Loading class java/util/stream/ReduceOps$CountingSink$OfRef
Event: 559,497 Loading class java/util/stream/ReduceOps$CountingSink
Event: 559,497 Loading class java/util/stream/ReduceOps$CountingSink done
Event: 559,497 Loading class java/util/stream/ReduceOps$CountingSink$OfRef done
Event: 559,504 Loading class java/util/stream/ReduceOps$1
Event: 559,504 Loading class java/util/stream/ReduceOps$1 done
Event: 559,504 Loading class java/util/stream/ReduceOps$1ReducingSink
Event: 559,504 Loading class java/util/stream/ReduceOps$1ReducingSink done

Classes unloaded (7 events):
Event: 158,801 Thread 0x00007c49a416bd90 Unloading class 0x00007c494a199c00 'java/lang/invoke/LambdaForm$MH+0x00007c494a199c00'
Event: 158,801 Thread 0x00007c49a416bd90 Unloading class 0x00007c494a199800 'java/lang/invoke/LambdaForm$MH+0x00007c494a199800'
Event: 158,801 Thread 0x00007c49a416bd90 Unloading class 0x00007c494a199400 'java/lang/invoke/LambdaForm$MH+0x00007c494a199400'
Event: 158,801 Thread 0x00007c49a416bd90 Unloading class 0x00007c494a199000 'java/lang/invoke/LambdaForm$MH+0x00007c494a199000'
Event: 158,801 Thread 0x00007c49a416bd90 Unloading class 0x00007c494a198c00 'java/lang/invoke/LambdaForm$BMH+0x00007c494a198c00'
Event: 158,801 Thread 0x00007c49a416bd90 Unloading class 0x00007c494a198800 'java/lang/invoke/LambdaForm$DMH+0x00007c494a198800'
Event: 158,801 Thread 0x00007c49a416bd90 Unloading class 0x00007c494a193400 'java/lang/invoke/LambdaForm$DMH+0x00007c494a193400'

Classes redefined (0 events):
No events

Internal exceptions (20 events):
Event: 795,551 Thread 0x00007c48cc992e00 Exception <a 'sun/nio/fs/UnixException'{0x00000000eb921278}> (0x00000000eb921278) 
thrown [src/hotspot/share/prims/jni.cpp, line 520]
Event: 795,613 Thread 0x00007c48cc992e00 Exception <a 'sun/nio/fs/UnixException'{0x00000000eb1d7050}> (0x00000000eb1d7050) 
thrown [src/hotspot/share/prims/jni.cpp, line 520]
Event: 795,635 Thread 0x00007c48cc992e00 Exception <a 'sun/nio/fs/UnixException'{0x00000000eabfc960}> (0x00000000eabfc960) 
thrown [src/hotspot/share/prims/jni.cpp, line 520]
Event: 795,646 Thread 0x00007c48cc992e00 Exception <a 'sun/nio/fs/UnixException'{0x00000000eb235198}> (0x00000000eb235198) 
thrown [src/hotspot/share/prims/jni.cpp, line 520]
Event: 796,055 Thread 0x00007c48cc992e00 Exception <a 'sun/nio/fs/UnixException'{0x00000000eb188e90}> (0x00000000eb188e90) 
thrown [src/hotspot/share/prims/jni.cpp, line 520]
Event: 796,059 Thread 0x00007c48cc992e00 Exception <a 'sun/nio/fs/UnixException'{0x00000000eb198cb0}> (0x00000000eb198cb0) 
thrown [src/hotspot/share/prims/jni.cpp, line 520]
Event: 796,111 Thread 0x00007c48cc992e00 Exception <a 'sun/nio/fs/UnixException'{0x00000000ead43908}> (0x00000000ead43908) 
thrown [src/hotspot/share/prims/jni.cpp, line 520]
Event: 796,267 Thread 0x00007c48cc992e00 Exception <a 'sun/nio/fs/UnixException'{0x00000000eaeeae78}> (0x00000000eaeeae78) 
thrown [src/hotspot/share/prims/jni.cpp, line 520]
Event: 796,277 Thread 0x00007c48cc992e00 Exception <a 'sun/nio/fs/UnixException'{0x00000000eb3b8c30}> (0x00000000eb3b8c30) 
thrown [src/hotspot/share/prims/jni.cpp, line 520]
Event: 796,279 Thread 0x00007c48cc992e00 Exception <a 'sun/nio/fs/UnixException'{0x00000000eb3c8e28}> (0x00000000eb3c8e28) 
thrown [src/hotspot/share/prims/jni.cpp, line 520]
Event: 796,303 Thread 0x00007c48cc992e00 Exception <a 'sun/nio/fs/UnixException'{0x00000000eb17b300}> (0x00000000eb17b300) 
thrown [src/hotspot/share/prims/jni.cpp, line 520]
Event: 796,327 Thread 0x00007c48cc992e00 Exception <a 'sun/nio/fs/UnixException'{0x00000000eae4de18}> (0x00000000eae4de18) 
thrown [src/hotspot/share/prims/jni.cpp, line 520]
Event: 796,380 Thread 0x00007c48cc992e00 Exception <a 'sun/nio/fs/UnixException'{0x00000000eac98660}> (0x00000000eac98660) 
thrown [src/hotspot/share/prims/jni.cpp, line 520]
Event: 796,399 Thread 0x00007c48cc992e00 Exception <a 'sun/nio/fs/UnixException'{0x00000000eb112f10}> (0x00000000eb112f10) 
thrown [src/hotspot/share/prims/jni.cpp, line 520]
Event: 796,415 Thread 0x00007c48cc992e00 Exception <a 'sun/nio/fs/UnixException'{0x00000000eb313db0}> (0x00000000eb313db0) 
thrown [src/hotspot/share/prims/jni.cpp, line 520]
Event: 796,463 Thread 0x00007c48cc992e00 Exception <a 'sun/nio/fs/UnixException'{0x00000000eabb20d8}> (0x00000000eabb20d8) 
thrown [src/hotspot/share/prims/jni.cpp, line 520]
Event: 796,476 Thread 0x00007c48cc992e00 Exception <a 'sun/nio/fs/UnixException'{0x00000000eac79c58}> (0x00000000eac79c58) 
thrown [src/hotspot/share/prims/jni.cpp, line 520]
Event: 796,486 Thread 0x00007c48cc992e00 Exception <a 'sun/nio/fs/UnixException'{0x00000000eaf91138}> (0x00000000eaf91138) 
thrown [src/hotspot/share/prims/jni.cpp, line 520]
Event: 797,499 Thread 0x00007c48cc992e00 Exception <a 'sun/nio/fs/UnixException'{0x00000000eae82640}> (0x00000000eae82640) 
thrown [src/hotspot/share/prims/jni.cpp, line 520]
Event: 825,163 Thread 0x00007c48cc992e00 Exception <a 'sun/nio/fs/UnixException'{0x00000000eb230f00}> (0x00000000eb230f00) 
thrown [src/hotspot/share/prims/jni.cpp, line 520]

ZGC Phase Switch (0 events):
No events

VM Operations (20 events):
Event: 796,513 Executing VM operation: ParallelGCFailedAllocation (Allocation Failure) done
Event: 796,538 Executing VM operation: ParallelGCFailedAllocation (Allocation Failure)
Event: 796,568 Executing VM operation: ParallelGCFailedAllocation (Allocation Failure) done
Event: 796,594 Executing VM operation: ParallelGCFailedAllocation (Allocation Failure)
Event: 796,609 Executing VM operation: ParallelGCFailedAllocation (Allocation Failure) done
Event: 796,637 Executing VM operation: ParallelGCFailedAllocation (Allocation Failure)
Event: 796,670 Executing VM operation: ParallelGCFailedAllocation (Allocation Failure) done
Event: 796,707 Executing VM operation: ParallelGCFailedAllocation (Allocation Failure)
Event: 796,797 Executing VM operation: ParallelGCFailedAllocation (Allocation Failure) done
Event: 798,819 Executing VM operation: Cleanup
Event: 798,970 Executing VM operation: Cleanup done
Event: 852,813 Executing VM operation: HandshakeAllThreads (HandshakeForDeflation)
Event: 857,674 Executing VM operation: HandshakeAllThreads (HandshakeForDeflation) done
Event: 858,333 Executing VM operation: RendezvousGCThreads
Event: 858,679 Executing VM operation: RendezvousGCThreads done
Event: 913,354 Executing VM operation: HandshakeAllThreads (HandshakeForDeflation)
Event: 918,699 Executing VM operation: HandshakeAllThreads (HandshakeForDeflation) done
Event: 919,471 Executing VM operation: RendezvousGCThreads
Event: 919,860 Executing VM operation: RendezvousGCThreads done
Event: 950,927 Executing VM operation: ParallelGCFailedAllocation (Allocation Failure)

Memory protections (20 events):
Event: 510,271 Protecting memory [0x00007c493d363000,0x00007c493d367000] with protection modes 0
Event: 510,398 Protecting memory [0x00007c493d063000,0x00007c493d067000] with protection modes 0
Event: 510,431 Protecting memory [0x00007c493d663000,0x00007c493d667000] with protection modes 0
Event: 510,672 Protecting memory [0x00007c493d463000,0x00007c493d467000] with protection modes 0
Event: 555,385 Protecting memory [0x00007c493df63000,0x00007c493df67000] with protection modes 0
Event: 557,011 Protecting memory [0x00007c493d163000,0x00007c493d167000] with protection modes 0
Event: 557,011 Protecting memory [0x00007c493d563000,0x00007c493d567000] with protection modes 0
Event: 557,013 Protecting memory [0x00007c493cf63000,0x00007c493cf67000] with protection modes 0
Event: 557,014 Protecting memory [0x00007c493dd63000,0x00007c493dd67000] with protection modes 0
Event: 557,014 Protecting memory [0x00007c493ecf9000,0x00007c493ecfd000] with protection modes 0
Event: 557,557 Protecting memory [0x00007c493d563000,0x00007c493d567000] with protection modes 0
Event: 557,558 Protecting memory [0x00007c493cf63000,0x00007c493cf67000] with protection modes 0
Event: 557,559 Protecting memory [0x00007c493dd63000,0x00007c493dd67000] with protection modes 0
Event: 557,559 Protecting memory [0x00007c493d163000,0x00007c493d167000] with protection modes 0
Event: 557,561 Protecting memory [0x00007c493ecf9000,0x00007c493ecfd000] with protection modes 0
Event: 558,072 Protecting memory [0x00007c493ecf9000,0x00007c493ecfd000] with protection modes 0
Event: 558,282 Protecting memory [0x00007c493ecf9000,0x00007c493ecfd000] with protection modes 0
Event: 558,376 Protecting memory [0x00007c493d563000,0x00007c493d567000] with protection modes 0
Event: 559,668 Protecting memory [0x00007c493cf63000,0x00007c493cf67000] with protection modes 0
Event: 793,133 Protecting memory [0x00007c493d963000,0x00007c493d967000] with protection modes 0

Nmethod flushes (20 events):
Event: 164,441 Thread 0x00007c49a416bd90 flushing  nmethod 0x00007c49925eb110
Event: 164,441 Thread 0x00007c49a416bd90 flushing  nmethod 0x00007c49925ebf10
Event: 164,441 Thread 0x00007c49a416bd90 flushing  nmethod 0x00007c4992615910
Event: 164,441 Thread 0x00007c49a416bd90 flushing osr nmethod 0x00007c4992632e90
Event: 164,441 Thread 0x00007c49a416bd90 flushing  nmethod 0x00007c499263ce10
Event: 164,441 Thread 0x00007c49a416bd90 flushing  nmethod 0x00007c499264a590
Event: 164,441 Thread 0x00007c49a416bd90 flushing  nmethod 0x00007c499266f410
Event: 164,441 Thread 0x00007c49a416bd90 flushing  nmethod 0x00007c499267a310
Event: 164,441 Thread 0x00007c49a416bd90 flushing  nmethod 0x00007c499268be90
Event: 164,441 Thread 0x00007c49a416bd90 flushing  nmethod 0x00007c49926abf10
Event: 164,441 Thread 0x00007c49a416bd90 flushing  nmethod 0x00007c49926ace10
Event: 164,441 Thread 0x00007c49a416bd90 flushing  nmethod 0x00007c49926ad890
Event: 164,441 Thread 0x00007c49a416bd90 flushing  nmethod 0x00007c49926b0d90
Event: 164,441 Thread 0x00007c49a416bd90 flushing  nmethod 0x00007c49926b1710
Event: 164,441 Thread 0x00007c49a416bd90 flushing  nmethod 0x00007c49926b1d90
Event: 164,441 Thread 0x00007c49a416bd90 flushing  nmethod 0x00007c49926b2a10
Event: 164,441 Thread 0x00007c49a416bd90 flushing  nmethod 0x00007c49926b6490
Event: 164,441 Thread 0x00007c49a416bd90 flushing  nmethod 0x00007c49926b6810
Event: 164,441 Thread 0x00007c49a416bd90 flushing  nmethod 0x00007c49926c0110
Event: 164,441 Thread 0x00007c49a416bd90 flushing  nmethod 0x00007c49926f2390

Events (20 events):
Event: 559,668 Thread 0x00007c4848070f30 Thread added: 0x00007c4898064270
Event: 569,082 Thread 0x00007c48a43af880 Thread exited: 0x00007c48a43af880
Event: 617,257 Thread 0x00007c4838001ca0 Thread exited: 0x00007c4838001ca0
Event: 621,722 Thread 0x00007c4898064270 Thread exited: 0x00007c4898064270
Event: 623,644 Thread 0x00007c48a4344ce0 Thread exited: 0x00007c48a4344ce0
Event: 625,208 Thread 0x00007c4880000ff0 Thread exited: 0x00007c4880000ff0
Event: 792,001 Thread 0x00007c482c00d160 Thread exited: 0x00007c482c00d160
Event: 793,133 Thread 0x00007c49a4177fb0 Thread added: 0x00007c4928000ff0
Event: 793,999 Thread 0x00007c49107e0900 Thread exited: 0x00007c49107e0900
Event: 794,783 Thread 0x00007c4910520bb0 Thread exited: 0x00007c4910520bb0
Event: 853,706 Thread 0x00007c482c00e7d0 Thread exited: 0x00007c482c00e7d0
Event: 858,012 Thread 0x00007c48a434bbb0 Thread exited: 0x00007c48a434bbb0
Event: 858,510 Thread 0x00007c48a42b3240 Thread exited: 0x00007c48a42b3240
Event: 859,135 Thread 0x00007c48a40e3a20 Thread exited: 0x00007c48a40e3a20
Event: 859,516 Thread 0x00007c48a40c3170 Thread exited: 0x00007c48a40c3170
Event: 859,888 Thread 0x00007c48a40e18a0 Thread exited: 0x00007c48a40e18a0
Event: 860,261 Thread 0x00007c48a40e2770 Thread exited: 0x00007c48a40e2770
Event: 860,643 Thread 0x00007c48a40e9e90 Thread exited: 0x00007c48a40e9e90
Event: 862,808 Thread 0x00007c4848070f30 Thread exited: 0x00007c4848070f30
Event: 914,823 Thread 0x00007c483000e3d0 Thread exited: 0x00007c483000e3d0


Dynamic libraries:
c0000000-e6f80000 rw-p 00000000 00:00 0 
e6f80000-eab00000 ---p 00000000 00:00 0 
eab00000-ebf00000 rw-p 00000000 00:00 0 
ebf00000-100000000 ---p 00000000 00:00 0 
57ca17d2d000-57ca17d2e000 r-xp 00000000 fc:04 17039485                   /home/raymundo.pillaca/.vscode-server/extensions/redhat.java-1.42.0/jre/21.0.7-linux-x86_64/bin/java
57ca17d2f000-57ca17d30000 r--p 00001000 fc:04 17039485                   /home/raymundo.pillaca/.vscode-server/extensions/redhat.java-1.42.0/jre/21.0.7-linux-x86_64/bin/java
57ca17d30000-57ca17d31000 rw-p 00002000 fc:04 17039485                   /home/raymundo.pillaca/.vscode-server/extensions/redhat.java-1.42.0/jre/21.0.7-linux-x86_64/bin/java
57ca1817c000-57ca181c3000 rw-p 00000000 00:00 0                          [heap]
7c47d8000000-7c47d8080000 rw-p 00000000 00:00 0 
7c47d8080000-7c47dc000000 ---p 00000000 00:00 0 
7c47dc000000-7c47dc021000 rw-p 00000000 00:00 0 
7c47dc021000-7c47e0000000 ---p 00000000 00:00 0 
7c47e4000000-7c47e4021000 rw-p 00000000 00:00 0 
7c47e4021000-7c47e8000000 ---p 00000000 00:00 0 
7c47e8000000-7c47e8021000 rw-p 00000000 00:00 0 
7c47e8021000-7c47ec000000 ---p 00000000 00:00 0 
7c47f0000000-7c47f0021000 rw-p 00000000 00:00 0 
7c47f0021000-7c47f4000000 ---p 00000000 00:00 0 
7c47f4000000-7c47f4021000 rw-p 00000000 00:00 0 
7c47f4021000-7c47f8000000 ---p 00000000 00:00 0 
7c47fc000000-7c47fc021000 rw-p 00000000 00:00 0 
7c47fc021000-7c4800000000 ---p 00000000 00:00 0 
7c4800000000-7c4800021000 rw-p 00000000 00:00 0 
7c4800021000-7c4804000000 ---p 00000000 00:00 0 
7c4808000000-7c4808021000 rw-p 00000000 00:00 0 
7c4808021000-7c480c000000 ---p 00000000 00:00 0 
7c480c000000-7c480c021000 rw-p 00000000 00:00 0 
7c480c021000-7c4810000000 ---p 00000000 00:00 0 
7c4814000000-7c4814021000 rw-p 00000000 00:00 0 
7c4814021000-7c4818000000 ---p 00000000 00:00 0 
7c4818000000-7c4818021000 rw-p 00000000 00:00 0 
7c4818021000-7c481c000000 ---p 00000000 00:00 0 
7c4820000000-7c4820021000 rw-p 00000000 00:00 0 
7c4820021000-7c4824000000 ---p 00000000 00:00 0 
7c4824000000-7c4824021000 rw-p 00000000 00:00 0 
7c4824021000-7c4828000000 ---p 00000000 00:00 0 
7c482c000000-7c482c021000 rw-p 00000000 00:00 0 
7c482c021000-7c4830000000 ---p 00000000 00:00 0 
7c4830000000-7c4830021000 rw-p 00000000 00:00 0 
7c4830021000-7c4834000000 ---p 00000000 00:00 0 
7c4838000000-7c4838021000 rw-p 00000000 00:00 0 
7c4838021000-7c483c000000 ---p 00000000 00:00 0 
7c483c000000-7c483c021000 rw-p 00000000 00:00 0 
7c483c021000-7c4840000000 ---p 00000000 00:00 0 
7c4844000000-7c4844021000 rw-p 00000000 00:00 0 
7c4844021000-7c4848000000 ---p 00000000 00:00 0 
7c4848000000-7c48480b1000 rw-p 00000000 00:00 0 
7c48480b1000-7c484c000000 ---p 00000000 00:00 0 
7c4850000000-7c4850021000 rw-p 00000000 00:00 0 
7c4850021000-7c4854000000 ---p 00000000 00:00 0 
7c4857800000-7c485fe1e000 r--s 00000000 fc:05 22458263                   /usr/lib/jvm/java-21-openjdk-amd64/lib/modules
7c4860000000-7c4860021000 rw-p 00000000 00:00 0 
7c4860021000-7c4864000000 ---p 00000000 00:00 0 
7c4868000000-7c4868021000 rw-p 00000000 00:00 0 
7c4868021000-7c486c000000 ---p 00000000 00:00 0 
7c486c000000-7c486c021000 rw-p 00000000 00:00 0 
7c486c021000-7c4870000000 ---p 00000000 00:00 0 
7c4874000000-7c4874024000 rw-p 00000000 00:00 0 
7c4874024000-7c4878000000 ---p 00000000 00:00 0 
7c4878000000-7c48781d5000 rw-p 00000000 00:00 0 
7c48781d5000-7c487c000000 ---p 00000000 00:00 0 
7c4880000000-7c488009d000 rw-p 00000000 00:00 0 
7c488009d000-7c4884000000 ---p 00000000 00:00 0 
7c4884000000-7c48840b2000 rw-p 00000000 00:00 0 
7c48840b2000-7c4888000000 ---p 00000000 00:00 0 
7c488c000000-7c488dca9000 rw-p 00000000 00:00 0 
7c488dca9000-7c4890000000 ---p 00000000 00:00 0 
7c4890000000-7c4891d28000 rw-p 00000000 00:00 0 
7c4891d28000-7c4894000000 ---p 00000000 00:00 0 
7c4898000000-7c48988b8000 rw-p 00000000 00:00 0 
7c48988b8000-7c489c000000 ---p 00000000 00:00 0 
7c489c000000-7c489c156000 rw-p 00000000 00:00 0 
7c489c156000-7c48a0000000 ---p 00000000 00:00 0 
7c48a4000000-7c48a43cd000 rw-p 00000000 00:00 0 
7c48a43cd000-7c48a8000000 ---p 00000000 00:00 0 
7c48a8000000-7c48a84a4000 rw-p 00000000 00:00 0 
7c48a84a4000-7c48ac000000 ---p 00000000 00:00 0 
7c48b0000000-7c48b0021000 rw-p 00000000 00:00 0 
7c48b0021000-7c48b4000000 ---p 00000000 00:00 0 
7c48b4000000-7c48b4024000 rw-p 00000000 00:00 0 
7c48b4024000-7c48b8000000 ---p 00000000 00:00 0 
7c48bc000000-7c48bc0dd000 rw-p 00000000 00:00 0 
7c48bc0dd000-7c48c0000000 ---p 00000000 00:00 0 
7c48c0000000-7c48c0021000 rw-p 00000000 00:00 0 
7c48c0021000-7c48c4000000 ---p 00000000 00:00 0 
7c48c8000000-7c48c8021000 rw-p 00000000 00:00 0 
7c48c8021000-7c48cc000000 ---p 00000000 00:00 0 
7c48cc000000-7c48ccb48000 rw-p 00000000 00:00 0 
7c48ccb48000-7c48d0000000 ---p 00000000 00:00 0 
7c48d4000000-7c48d4021000 rw-p 00000000 00:00 0 
7c48d4021000-7c48d8000000 ---p 00000000 00:00 0 
7c48d8000000-7c48d8021000 rw-p 00000000 00:00 0 
7c48d8021000-7c48dc000000 ---p 00000000 00:00 0 
7c48e0000000-7c48e0022000 rw-p 00000000 00:00 0 
7c48e0022000-7c48e4000000 ---p 00000000 00:00 0 
7c48e4000000-7c48e4031000 rw-p 00000000 00:00 0 
7c48e4031000-7c48e8000000 ---p 00000000 00:00 0 
7c48ec000000-7c48ec021000 rw-p 00000000 00:00 0 
7c48ec021000-7c48f0000000 ---p 00000000 00:00 0 
7c48f0000000-7c48f0021000 rw-p 00000000 00:00 0 
7c48f0021000-7c48f4000000 ---p 00000000 00:00 0 
7c48f8000000-7c48f8021000 rw-p 00000000 00:00 0 
7c48f8021000-7c48fc000000 ---p 00000000 00:00 0 
7c48fc000000-7c48fc021000 rw-p 00000000 00:00 0 
7c48fc021000-7c4900000000 ---p 00000000 00:00 0 
7c4904000000-7c490432b000 rw-p 00000000 00:00 0 
7c490432b000-7c4908000000 ---p 00000000 00:00 0 
7c4908000000-7c4908021000 rw-p 00000000 00:00 0 
7c4908021000-7c490c000000 ---p 00000000 00:00 0 
7c4910000000-7c4910ef1000 rw-p 00000000 00:00 0 
7c4910ef1000-7c4914000000 ---p 00000000 00:00 0 
7c4914000000-7c4915f54000 rw-p 00000000 00:00 0 
7c4915f54000-7c4918000000 ---p 00000000 00:00 0 
7c491c000000-7c491c021000 rw-p 00000000 00:00 0 
7c491c021000-7c4920000000 ---p 00000000 00:00 0 
7c4920000000-7c4920021000 rw-p 00000000 00:00 0 
7c4920021000-7c4924000000 ---p 00000000 00:00 0 
7c4928000000-7c4928021000 rw-p 00000000 00:00 0 
7c4928021000-7c492c000000 ---p 00000000 00:00 0 
7c492c000000-7c492c021000 rw-p 00000000 00:00 0 
7c492c021000-7c4930000000 ---p 00000000 00:00 0 
7c4934000000-7c4934021000 rw-p 00000000 00:00 0 
7c4934021000-7c4938000000 ---p 00000000 00:00 0 
7c4938000000-7c4938118000 rw-p 00000000 00:00 0 
7c4938118000-7c493c000000 ---p 00000000 00:00 0 
7c493cf63000-7c493cf67000 ---p 00000000 00:00 0 
7c493cf67000-7c493d063000 rw-p 00000000 00:00 0 
7c493d063000-7c493d067000 ---p 00000000 00:00 0 
7c493d067000-7c493d163000 rw-p 00000000 00:00 0 
7c493d163000-7c493d167000 ---p 00000000 00:00 0 
7c493d167000-7c493d263000 rw-p 00000000 00:00 0 
7c493d263000-7c493d267000 ---p 00000000 00:00 0 
7c493d267000-7c493d363000 rw-p 00000000 00:00 0 
7c493d363000-7c493d367000 ---p 00000000 00:00 0 
7c493d367000-7c493d463000 rw-p 00000000 00:00 0 
7c493d463000-7c493d467000 ---p 00000000 00:00 0 
7c493d467000-7c493d563000 rw-p 00000000 00:00 0 
7c493d563000-7c493d567000 ---p 00000000 00:00 0 
7c493d567000-7c493d663000 rw-p 00000000 00:00 0 
7c493d663000-7c493d667000 ---p 00000000 00:00 0 
7c493d667000-7c493d763000 rw-p 00000000 00:00 0 
7c493d763000-7c493d767000 ---p 00000000 00:00 0 
7c493d767000-7c493d863000 rw-p 00000000 00:00 0 
7c493d863000-7c493d867000 ---p 00000000 00:00 0 
7c493d867000-7c493d963000 rw-p 00000000 00:00 0 
7c493d963000-7c493d967000 ---p 00000000 00:00 0 
7c493d967000-7c493da63000 rw-p 00000000 00:00 0 
7c493da63000-7c493da67000 ---p 00000000 00:00 0 
7c493da67000-7c493db63000 rw-p 00000000 00:00 0 
7c493db63000-7c493db67000 ---p 00000000 00:00 0 
7c493db67000-7c493dc63000 rw-p 00000000 00:00 0 
7c493dc63000-7c493dc67000 ---p 00000000 00:00 0 
7c493dc67000-7c493dd63000 rw-p 00000000 00:00 0 
7c493dd63000-7c493dd67000 ---p 00000000 00:00 0 
7c493dd67000-7c493de63000 rw-p 00000000 00:00 0 
7c493de63000-7c493de67000 ---p 00000000 00:00 0 
7c493de67000-7c493df63000 rw-p 00000000 00:00 0 
7c493df63000-7c493df67000 ---p 00000000 00:00 0 
7c493df67000-7c493e063000 rw-p 00000000 00:00 0 
7c493e063000-7c493e067000 ---p 00000000 00:00 0 
7c493e067000-7c493e163000 rw-p 00000000 00:00 0 
7c493e163000-7c493e167000 ---p 00000000 00:00 0 
7c493e167000-7c493e263000 rw-p 00000000 00:00 0 
7c493e263000-7c493e267000 ---p 00000000 00:00 0 
7c493e267000-7c493e363000 rw-p 00000000 00:00 0 
7c493e363000-7c493e367000 ---p 00000000 00:00 0 
7c493e367000-7c493e463000 rw-p 00000000 00:00 0 
7c493e4f9000-7c493e4fd000 ---p 00000000 00:00 0 
7c493e4fd000-7c493e5f9000 rw-p 00000000 00:00 0 
7c493e5f9000-7c493e5fd000 ---p 00000000 00:00 0 
7c493e5fd000-7c493e6f9000 rw-p 00000000 00:00 0 
7c493e6f9000-7c493e6fd000 ---p 00000000 00:00 0 
7c493e6fd000-7c493e7f9000 rw-p 00000000 00:00 0 
7c493e7f9000-7c493e7fd000 ---p 00000000 00:00 0 
7c493e7fd000-7c493e8f9000 rw-p 00000000 00:00 0 
7c493e8f9000-7c493e8fd000 ---p 00000000 00:00 0 
7c493e8fd000-7c493e9f9000 rw-p 00000000 00:00 0 
7c493e9f9000-7c493e9fd000 ---p 00000000 00:00 0 
7c493e9fd000-7c493eaf9000 rw-p 00000000 00:00 0 
7c493eaf9000-7c493eafd000 ---p 00000000 00:00 0 
7c493eafd000-7c493ebf9000 rw-p 00000000 00:00 0 
7c493ebf9000-7c493ebfd000 ---p 00000000 00:00 0 
7c493ebfd000-7c493ecf9000 rw-p 00000000 00:00 0 
7c493ecf9000-7c493ecfd000 ---p 00000000 00:00 0 
7c493ecfd000-7c493edf9000 rw-p 00000000 00:00 0 
7c493edf9000-7c493edfd000 ---p 00000000 00:00 0 
7c493edfd000-7c493eef9000 rw-p 00000000 00:00 0 
7c493eef9000-7c493eefd000 ---p 00000000 00:00 0 
7c493eefd000-7c493eff9000 rw-p 00000000 00:00 0 
7c493eff9000-7c493effa000 ---p 00000000 00:00 0 
7c493effa000-7c493f0fa000 rw-p 00000000 00:00 0 
7c493f0fa000-7c493f0fe000 ---p 00000000 00:00 0 
7c493f0fe000-7c493f1fa000 rw-p 00000000 00:00 0 
7c493f1fa000-7c493f1fb000 ---p 00000000 00:00 0 
7c493f1fb000-7c493f2fb000 rw-p 00000000 00:00 0 
7c493f2fb000-7c493f2ff000 ---p 00000000 00:00 0 
7c493f2ff000-7c493f3fb000 rw-p 00000000 00:00 0 
7c493f3fb000-7c493f3fc000 ---p 00000000 00:00 0 
7c493f3fc000-7c493f4fc000 rw-p 00000000 00:00 0 
7c493f4fc000-7c493f500000 ---p 00000000 00:00 0 
7c493f500000-7c493f5fc000 rw-p 00000000 00:00 0 
7c493f5fc000-7c493f600000 ---p 00000000 00:00 0 
7c493f600000-7c493f6fc000 rw-p 00000000 00:00 0 
7c493f6fc000-7c493f700000 ---p 00000000 00:00 0 
7c493f700000-7c493f7fc000 rw-p 00000000 00:00 0 
7c493f7fc000-7c493f7fd000 ---p 00000000 00:00 0 
7c493f7fd000-7c493f8fd000 rw-p 00000000 00:00 0 
7c493f8fd000-7c493f901000 ---p 00000000 00:00 0 
7c493f901000-7c493f9fd000 rw-p 00000000 00:00 0 
7c493f9fd000-7c493fa01000 ---p 00000000 00:00 0 
7c493fa01000-7c493fafd000 rw-p 00000000 00:00 0 
7c493fafd000-7c493fafe000 ---p 00000000 00:00 0 
7c493fafe000-7c493fbfe000 rw-p 00000000 00:00 0 
7c493fbfe000-7c493fbff000 ---p 00000000 00:00 0 
7c493fbff000-7c493fcff000 rw-p 00000000 00:00 0 
7c493fcff000-7c493fd00000 ---p 00000000 00:00 0 
7c493fd00000-7c493fe00000 rw-p 00000000 00:00 0 
7c493fe00000-7c493fe04000 ---p 00000000 00:00 0 
7c493fe04000-7c493ff00000 rw-p 00000000 00:00 0 
7c493ff00000-7c493ff04000 ---p 00000000 00:00 0 
7c493ff04000-7c4940000000 rw-p 00000000 00:00 0 
7c4940000000-7c49403f0000 rw-p 00000000 00:00 0 
7c49403f0000-7c49407b0000 rw-p 00000000 00:00 0 
7c49407b0000-7c49407f0000 rw-p 00000000 00:00 0 
7c49407f0000-7c49408f0000 rw-p 00000000 00:00 0 
7c49408f0000-7c4940af0000 rw-p 00000000 00:00 0 
7c4940af0000-7c4940bf0000 rw-p 00000000 00:00 0 
7c4940bf0000-7c49410f0000 rw-p 00000000 00:00 0 
7c49410f0000-7c49411f0000 rw-p 00000000 00:00 0 
7c49411f0000-7c49418f0000 rw-p 00000000 00:00 0 
7c49418f0000-7c49419f0000 rw-p 00000000 00:00 0 
7c49419f0000-7c4941cf0000 rw-p 00000000 00:00 0 
7c4941cf0000-7c4941df0000 rw-p 00000000 00:00 0 
7c4941df0000-7c49420f0000 rw-p 00000000 00:00 0 
7c49420f0000-7c49421f0000 rw-p 00000000 00:00 0 
7c49421f0000-7c4942370000 rw-p 00000000 00:00 0 
7c4942370000-7c49424f0000 rw-p 00000000 00:00 0 
7c49424f0000-7c49425f0000 rw-p 00000000 00:00 0 
7c49425f0000-7c49427f0000 rw-p 00000000 00:00 0 
7c49427f0000-7c49428f0000 rw-p 00000000 00:00 0 
7c49428f0000-7c49429f0000 rw-p 00000000 00:00 0 
7c49429f0000-7c4942ef0000 rw-p 00000000 00:00 0 
7c4942ef0000-7c4942ff0000 rw-p 00000000 00:00 0 
7c4942ff0000-7c4943fb0000 rw-p 00000000 00:00 0 
7c4943fb0000-7c4943fe0000 rw-p 00000000 00:00 0 
7c4943fe0000-7c4944000000 ---p 00000000 00:00 0 
7c4944000000-7c4944021000 rw-p 00000000 00:00 0 
7c4944021000-7c4948004000 ---p 00000000 00:00 0 
7c4948004000-7c4948100000 rw-p 00000000 00:00 0 
7c4948100000-7c4948104000 ---p 00000000 00:00 0 
7c4948104000-7c4948200000 rw-p 00000000 00:00 0 
7c4948200000-7c4948204000 ---p 00000000 00:00 0 
7c4948204000-7c4948300000 rw-p 00000000 00:00 0 
7c4948300000-7c4948304000 ---p 00000000 00:00 0 
7c4948304000-7c4948400000 rw-p 00000000 00:00 0 
7c4948400000-7c4948404000 ---p 00000000 00:00 0 
7c4948404000-7c4948500000 rw-p 00000000 00:00 0 
7c4948500000-7c4948504000 ---p 00000000 00:00 0 
7c4948504000-7c4948600000 rw-p 00000000 00:00 0 
7c4948600000-7c4948604000 ---p 00000000 00:00 0 
7c4948604000-7c4948700000 rw-p 00000000 00:00 0 
7c4948700000-7c4948704000 ---p 00000000 00:00 0 
7c4948704000-7c4948800000 rw-p 00000000 00:00 0 
7c4948800000-7c4948aeb000 r--p 00000000 fc:05 2565                       /usr/lib/locale/locale-archive
7c4948afb000-7c4948afc000 ---p 00000000 00:00 0 
7c4948afc000-7c4948bfc000 rw-p 00000000 00:00 0 
7c4948bfc000-7c4949000000 rw-p 00000000 00:00 0 
7c4949000000-7c4949bb6000 rw-p 00001000 fc:04 17039628                   /home/raymundo.pillaca/.vscode-server/extensions/redhat.java-1.42.0/jre/21.0.7-linux-x86_64/lib/server/classes.jsa
7c4949bb6000-7c494a000000 ---p 00000000 00:00 0 
7c494a000000-7c494a030000 rw-p 00000000 00:00 0 
7c494a030000-7c494a0b0000 rw-p 00000000 00:00 0 
7c494a0b0000-7c494a0f0000 rw-p 00000000 00:00 0 
7c494a0f0000-7c494a270000 rw-p 00000000 00:00 0 
7c494a270000-7c494a3d0000 rw-p 00000000 00:00 0 
7c494a3d0000-7c494a3f0000 rw-p 00000000 00:00 0 
7c494a3f0000-7c494a470000 rw-p 00000000 00:00 0 
7c494a470000-7c494a530000 rw-p 00000000 00:00 0 
7c494a530000-7c494a570000 rw-p 00000000 00:00 0 
7c494a570000-7c494a7d0000 rw-p 00000000 00:00 0 
7c494a7d0000-7c498a000000 ---p 00000000 00:00 0 
7c498a000000-7c498c021000 rw-p 00000000 00:00 0 
7c498c021000-7c4990000000 ---p 00000000 00:00 0 
7c49900eb000-7c49914ff000 rw-p 00000000 00:00 0 
7c49914ff000-7c4991500000 ---p 00000000 00:00 0 
7c4991500000-7c4991600000 rw-p 00000000 00:00 0 
7c4991600000-7c4991800000 rw-p 00000000 00:00 0 
7c4991896000-7c499189a000 r--p 00000000 fc:04 25582646                   /home/raymundo.pillaca/.vscode-server/data/User/globalStorage/redhat.java/1.42.0/config_linux/org.eclipse.equinox.launcher/org.eclipse.equinox.launcher.gtk.linux.x86_64_1.2.1400.v20250331-1702/eclipse_11911.so
7c499189a000-7c49918a4000 r-xp 00004000 fc:04 25582646                   /home/raymundo.pillaca/.vscode-server/data/User/globalStorage/redhat.java/1.42.0/config_linux/org.eclipse.equinox.launcher/org.eclipse.equinox.launcher.gtk.linux.x86_64_1.2.1400.v20250331-1702/eclipse_11911.so
7c49918a4000-7c49918a7000 r--p 0000e000 fc:04 25582646                   /home/raymundo.pillaca/.vscode-server/data/User/globalStorage/redhat.java/1.42.0/config_linux/org.eclipse.equinox.launcher/org.eclipse.equinox.launcher.gtk.linux.x86_64_1.2.1400.v20250331-1702/eclipse_11911.so
7c49918a7000-7c49918a8000 r--p 00010000 fc:04 25582646                   /home/raymundo.pillaca/.vscode-server/data/User/globalStorage/redhat.java/1.42.0/config_linux/org.eclipse.equinox.launcher/org.eclipse.equinox.launcher.gtk.linux.x86_64_1.2.1400.v20250331-1702/eclipse_11911.so
7c49918a8000-7c49918a9000 rw-p 00011000 fc:04 25582646                   /home/raymundo.pillaca/.vscode-server/data/User/globalStorage/redhat.java/1.42.0/config_linux/org.eclipse.equinox.launcher/org.eclipse.equinox.launcher.gtk.linux.x86_64_1.2.1400.v20250331-1702/eclipse_11911.so
7c49918a9000-7c49919e2000 rw-p 00000000 00:00 0 
7c49919e2000-7c4991a00000 ---p 00000000 00:00 0 
7c4991a00000-7c4991b38000 rw-p 00000000 00:00 0 
7c4991b38000-7c4991b55000 ---p 00000000 00:00 0 
7c4991b55000-7c4991b60000 rw-p 00000000 00:00 0 
7c4991b60000-7c4991c01000 ---p 00000000 00:00 0 
7c4991c04000-7c4991c0b000 r--s 00000000 fc:05 33926801                   /usr/lib/x86_64-linux-gnu/gconv/gconv-modules.cache
7c4991c0b000-7c4991c10000 r-xp 00000000 fc:04 25238985                   /home/raymundo.pillaca/.vscode-server/extensions/redhat.java-1.42.0/jre/21.0.7-linux-x86_64/lib/libmanagement_ext.so
7c4991c10000-7c4991c11000 ---p 00005000 fc:04 25238985                   /home/raymundo.pillaca/.vscode-server/extensions/redhat.java-1.42.0/jre/21.0.7-linux-x86_64/lib/libmanagement_ext.so
7c4991c11000-7c4991c12000 r--p 00005000 fc:04 25238985                   /home/raymundo.pillaca/.vscode-server/extensions/redhat.java-1.42.0/jre/21.0.7-linux-x86_64/lib/libmanagement_ext.so
7c4991c12000-7c4991c13000 rw-p 00006000 fc:04 25238985                   /home/raymundo.pillaca/.vscode-server/extensions/redhat.java-1.42.0/jre/21.0.7-linux-x86_64/lib/libmanagement_ext.so
7c4991c13000-7c4991c20000 r-xp 00000000 fc:04 25238996                   /home/raymundo.pillaca/.vscode-server/extensions/redhat.java-1.42.0/jre/21.0.7-linux-x86_64/lib/libverify.so
7c4991c20000-7c4991c22000 r--p 0000c000 fc:04 25238996                   /home/raymundo.pillaca/.vscode-server/extensions/redhat.java-1.42.0/jre/21.0.7-linux-x86_64/lib/libverify.so
7c4991c22000-7c4991c23000 rw-p 0000e000 fc:04 25238996                   /home/raymundo.pillaca/.vscode-server/extensions/redhat.java-1.42.0/jre/21.0.7-linux-x86_64/lib/libverify.so
7c4991c23000-7c4991cff000 rw-p 00000000 00:00 0 
7c4991cff000-7c4991d00000 ---p 00000000 00:00 0 
7c4991d00000-7c4991e00000 rw-p 00000000 00:00 0 
7c4991e00000-7c4993df0000 rwxp 00000000 00:00 0 
7c4993df0000-7c4999337000 ---p 00000000 00:00 0 
7c4999337000-7c49995a7000 rwxp 00000000 00:00 0 
7c49995a7000-7c49998c9000 ---p 00000000 00:00 0 
7c49998c9000-7c499a379000 rwxp 00000000 00:00 0 
7c499a379000-7c49a0e00000 ---p 00000000 00:00 0 
7c49a0e00000-7c49a3fce000 r--s 00000000 fc:04 25238998                   /home/raymundo.pillaca/.vscode-server/extensions/redhat.java-1.42.0/jre/21.0.7-linux-x86_64/lib/modules
7c49a3fcf000-7c49a3fd3000 r-xp 00000000 fc:04 25238986                   /home/raymundo.pillaca/.vscode-server/extensions/redhat.java-1.42.0/jre/21.0.7-linux-x86_64/lib/libmanagement.so
7c49a3fd3000-7c49a3fd4000 r--p 00003000 fc:04 25238986                   /home/raymundo.pillaca/.vscode-server/extensions/redhat.java-1.42.0/jre/21.0.7-linux-x86_64/lib/libmanagement.so
7c49a3fd4000-7c49a3fd5000 rw-p 00004000 fc:04 25238986                   /home/raymundo.pillaca/.vscode-server/extensions/redhat.java-1.42.0/jre/21.0.7-linux-x86_64/lib/libmanagement.so
7c49a3fd5000-7c49a3fe1000 r-xp 00000000 fc:04 25238988                   /home/raymundo.pillaca/.vscode-server/extensions/redhat.java-1.42.0/jre/21.0.7-linux-x86_64/lib/libnet.so
7c49a3fe1000-7c49a3fe2000 r--p 0000b000 fc:04 25238988                   /home/raymundo.pillaca/.vscode-server/extensions/redhat.java-1.42.0/jre/21.0.7-linux-x86_64/lib/libnet.so
7c49a3fe2000-7c49a3fe3000 rw-p 0000c000 fc:04 25238988                   /home/raymundo.pillaca/.vscode-server/extensions/redhat.java-1.42.0/jre/21.0.7-linux-x86_64/lib/libnet.so
7c49a3fe3000-7c49a3ffe000 r-xp 00000000 fc:04 25238997                   /home/raymundo.pillaca/.vscode-server/extensions/redhat.java-1.42.0/jre/21.0.7-linux-x86_64/lib/libzip.so
7c49a3ffe000-7c49a3fff000 r--p 0001a000 fc:04 25238997                   /home/raymundo.pillaca/.vscode-server/extensions/redhat.java-1.42.0/jre/21.0.7-linux-x86_64/lib/libzip.so
7c49a3fff000-7c49a4000000 rw-p 0001b000 fc:04 25238997                   /home/raymundo.pillaca/.vscode-server/extensions/redhat.java-1.42.0/jre/21.0.7-linux-x86_64/lib/libzip.so
7c49a4000000-7c49a44f6000 rw-p 00000000 00:00 0 
7c49a44f6000-7c49a8000000 ---p 00000000 00:00 0 
7c49a8000000-7c49a8057000 rw-p 00000000 00:00 0 
7c49a8057000-7c49a812c000 ---p 00000000 00:00 0 
7c49a812c000-7c49a816c000 rw-p 00000000 00:00 0 
7c49a816c000-7c49a8217000 ---p 00000000 00:00 0 
7c49a8217000-7c49a821b000 ---p 00000000 00:00 0 
7c49a821b000-7c49a8317000 rw-p 00000000 00:00 0 
7c49a8317000-7c49a8327000 r--p 00000000 fc:05 17050356                   /usr/lib/x86_64-linux-gnu/libm.so.6
7c49a8327000-7c49a83a6000 r-xp 00010000 fc:05 17050356                   /usr/lib/x86_64-linux-gnu/libm.so.6
7c49a83a6000-7c49a83fe000 r--p 0008f000 fc:05 17050356                   /usr/lib/x86_64-linux-gnu/libm.so.6
7c49a83fe000-7c49a83ff000 r--p 000e7000 fc:05 17050356                   /usr/lib/x86_64-linux-gnu/libm.so.6
7c49a83ff000-7c49a8400000 rw-p 000e8000 fc:05 17050356                   /usr/lib/x86_64-linux-gnu/libm.so.6
7c49a8400000-7c49a980f000 r-xp 00000000 fc:04 17039630                   /home/raymundo.pillaca/.vscode-server/extensions/redhat.java-1.42.0/jre/21.0.7-linux-x86_64/lib/server/libjvm.so
7c49a980f000-7c49a9810000 ---p 0140f000 fc:04 17039630                   /home/raymundo.pillaca/.vscode-server/extensions/redhat.java-1.42.0/jre/21.0.7-linux-x86_64/lib/server/libjvm.so
7c49a9810000-7c49a98e4000 r--p 0140f000 fc:04 17039630                   /home/raymundo.pillaca/.vscode-server/extensions/redhat.java-1.42.0/jre/21.0.7-linux-x86_64/lib/server/libjvm.so
7c49a98e4000-7c49a9914000 rw-p 014e3000 fc:04 17039630                   /home/raymundo.pillaca/.vscode-server/extensions/redhat.java-1.42.0/jre/21.0.7-linux-x86_64/lib/server/libjvm.so
7c49a9914000-7c49a997a000 rw-p 00000000 00:00 0 
7c49a997f000-7c49a9993000 r-xp 00000000 fc:04 25238989                   /home/raymundo.pillaca/.vscode-server/extensions/redhat.java-1.42.0/jre/21.0.7-linux-x86_64/lib/libnio.so
7c49a9993000-7c49a9994000 r--p 00013000 fc:04 25238989                   /home/raymundo.pillaca/.vscode-server/extensions/redhat.java-1.42.0/jre/21.0.7-linux-x86_64/lib/libnio.so
7c49a9994000-7c49a9995000 rw-p 00014000 fc:04 25238989                   /home/raymundo.pillaca/.vscode-server/extensions/redhat.java-1.42.0/jre/21.0.7-linux-x86_64/lib/libnio.so
7c49a9995000-7c49a99ae000 rw-p 00000000 00:00 0 
7c49a99ae000-7c49a99b5000 ---p 00000000 00:00 0 
7c49a99b5000-7c49a99bd000 rw-s 00000000 fc:00 2851                       /tmp/hsperfdata_raymundo.pillaca/1162414
7c49a99bd000-7c49a99dd000 r-xp 00000000 fc:04 25237690                   /home/raymundo.pillaca/.vscode-server/extensions/redhat.java-1.42.0/jre/21.0.7-linux-x86_64/lib/libjava.so
7c49a99dd000-7c49a99de000 ---p 00020000 fc:04 25237690                   /home/raymundo.pillaca/.vscode-server/extensions/redhat.java-1.42.0/jre/21.0.7-linux-x86_64/lib/libjava.so
7c49a99de000-7c49a99df000 r--p 00020000 fc:04 25237690                   /home/raymundo.pillaca/.vscode-server/extensions/redhat.java-1.42.0/jre/21.0.7-linux-x86_64/lib/libjava.so
7c49a99df000-7c49a99e0000 rw-p 00021000 fc:04 25237690                   /home/raymundo.pillaca/.vscode-server/extensions/redhat.java-1.42.0/jre/21.0.7-linux-x86_64/lib/libjava.so
7c49a99e0000-7c49a99e1000 rw-p 00000000 00:00 0 
7c49a99e1000-7c49a99fc000 r-xp 00000000 fc:04 25238978                   /home/raymundo.pillaca/.vscode-server/extensions/redhat.java-1.42.0/jre/21.0.7-linux-x86_64/lib/libjimage.so
7c49a99fc000-7c49a99fd000 ---p 0001b000 fc:04 25238978                   /home/raymundo.pillaca/.vscode-server/extensions/redhat.java-1.42.0/jre/21.0.7-linux-x86_64/lib/libjimage.so
7c49a99fd000-7c49a99ff000 r--p 0001b000 fc:04 25238978                   /home/raymundo.pillaca/.vscode-server/extensions/redhat.java-1.42.0/jre/21.0.7-linux-x86_64/lib/libjimage.so
7c49a99ff000-7c49a9a00000 rw-p 0001d000 fc:04 25238978                   /home/raymundo.pillaca/.vscode-server/extensions/redhat.java-1.42.0/jre/21.0.7-linux-x86_64/lib/libjimage.so
7c49a9a00000-7c49a9a28000 r--p 00000000 fc:05 17050353                   /usr/lib/x86_64-linux-gnu/libc.so.6
7c49a9a28000-7c49a9bb0000 r-xp 00028000 fc:05 17050353                   /usr/lib/x86_64-linux-gnu/libc.so.6
7c49a9bb0000-7c49a9bff000 r--p 001b0000 fc:05 17050353                   /usr/lib/x86_64-linux-gnu/libc.so.6
7c49a9bff000-7c49a9c03000 r--p 001fe000 fc:05 17050353                   /usr/lib/x86_64-linux-gnu/libc.so.6
7c49a9c03000-7c49a9c05000 rw-p 00202000 fc:05 17050353                   /usr/lib/x86_64-linux-gnu/libc.so.6
7c49a9c05000-7c49a9c12000 rw-p 00000000 00:00 0 
7c49a9c13000-7c49a9c1d000 r-xp 00000000 fc:04 25237685                   /home/raymundo.pillaca/.vscode-server/extensions/redhat.java-1.42.0/jre/21.0.7-linux-x86_64/lib/libinstrument.so
7c49a9c1d000-7c49a9c1e000 ---p 0000a000 fc:04 25237685                   /home/raymundo.pillaca/.vscode-server/extensions/redhat.java-1.42.0/jre/21.0.7-linux-x86_64/lib/libinstrument.so
7c49a9c1e000-7c49a9c1f000 r--p 0000a000 fc:04 25237685                   /home/raymundo.pillaca/.vscode-server/extensions/redhat.java-1.42.0/jre/21.0.7-linux-x86_64/lib/libinstrument.so
7c49a9c1f000-7c49a9c20000 rw-p 0000b000 fc:04 25237685                   /home/raymundo.pillaca/.vscode-server/extensions/redhat.java-1.42.0/jre/21.0.7-linux-x86_64/lib/libinstrument.so
7c49a9c20000-7c49a9c21000 r--p 00000000 fc:05 17050367                   /usr/lib/x86_64-linux-gnu/librt.so.1
7c49a9c21000-7c49a9c22000 r-xp 00001000 fc:05 17050367                   /usr/lib/x86_64-linux-gnu/librt.so.1
7c49a9c22000-7c49a9c23000 r--p 00002000 fc:05 17050367                   /usr/lib/x86_64-linux-gnu/librt.so.1
7c49a9c23000-7c49a9c24000 r--p 00002000 fc:05 17050367                   /usr/lib/x86_64-linux-gnu/librt.so.1
7c49a9c24000-7c49a9c25000 rw-p 00003000 fc:05 17050367                   /usr/lib/x86_64-linux-gnu/librt.so.1
7c49a9c25000-7c49a9c27000 rw-p 00000000 00:00 0 
7c49a9c27000-7c49a9c28000 r--p 00000000 fc:05 17050355                   /usr/lib/x86_64-linux-gnu/libdl.so.2
7c49a9c28000-7c49a9c29000 r-xp 00001000 fc:05 17050355                   /usr/lib/x86_64-linux-gnu/libdl.so.2
7c49a9c29000-7c49a9c2a000 r--p 00002000 fc:05 17050355                   /usr/lib/x86_64-linux-gnu/libdl.so.2
7c49a9c2a000-7c49a9c2b000 r--p 00002000 fc:05 17050355                   /usr/lib/x86_64-linux-gnu/libdl.so.2
7c49a9c2b000-7c49a9c2c000 rw-p 00003000 fc:05 17050355                   /usr/lib/x86_64-linux-gnu/libdl.so.2
7c49a9c2c000-7c49a9c2d000 r--p 00000000 fc:05 17050365                   /usr/lib/x86_64-linux-gnu/libpthread.so.0
7c49a9c2d000-7c49a9c2e000 r-xp 00001000 fc:05 17050365                   /usr/lib/x86_64-linux-gnu/libpthread.so.0
7c49a9c2e000-7c49a9c2f000 r--p 00002000 fc:05 17050365                   /usr/lib/x86_64-linux-gnu/libpthread.so.0
7c49a9c2f000-7c49a9c30000 r--p 00002000 fc:05 17050365                   /usr/lib/x86_64-linux-gnu/libpthread.so.0
7c49a9c30000-7c49a9c31000 rw-p 00003000 fc:05 17050365                   /usr/lib/x86_64-linux-gnu/libpthread.so.0
7c49a9c31000-7c49a9c33000 r-xp 00000000 fc:04 25237682                   /home/raymundo.pillaca/.vscode-server/extensions/redhat.java-1.42.0/jre/21.0.7-linux-x86_64/lib/libextnet.so
7c49a9c33000-7c49a9c34000 r--p 00001000 fc:04 25237682                   /home/raymundo.pillaca/.vscode-server/extensions/redhat.java-1.42.0/jre/21.0.7-linux-x86_64/lib/libextnet.so
7c49a9c34000-7c49a9c35000 rw-p 00002000 fc:04 25237682                   /home/raymundo.pillaca/.vscode-server/extensions/redhat.java-1.42.0/jre/21.0.7-linux-x86_64/lib/libextnet.so
7c49a9c35000-7c49a9c36000 ---p 00000000 00:00 0 
7c49a9c36000-7c49a9c37000 r--p 00000000 00:00 0 
7c49a9c37000-7c49a9c38000 ---p 00000000 00:00 0 
7c49a9c38000-7c49a9c51000 r-xp 00000000 fc:04 25238979                   /home/raymundo.pillaca/.vscode-server/extensions/redhat.java-1.42.0/jre/21.0.7-linux-x86_64/lib/libjli.so
7c49a9c51000-7c49a9c52000 r--p 00018000 fc:04 25238979                   /home/raymundo.pillaca/.vscode-server/extensions/redhat.java-1.42.0/jre/21.0.7-linux-x86_64/lib/libjli.so
7c49a9c52000-7c49a9c53000 rw-p 00019000 fc:04 25238979                   /home/raymundo.pillaca/.vscode-server/extensions/redhat.java-1.42.0/jre/21.0.7-linux-x86_64/lib/libjli.so
7c49a9c53000-7c49a9c55000 rw-p 00000000 00:00 0 
7c49a9c55000-7c49a9c56000 r--p 00000000 fc:05 16813182                   /usr/lib/x86_64-linux-gnu/ld-linux-x86-64.so.2
7c49a9c56000-7c49a9c81000 r-xp 00001000 fc:05 16813182                   /usr/lib/x86_64-linux-gnu/ld-linux-x86-64.so.2
7c49a9c81000-7c49a9c8b000 r--p 0002c000 fc:05 16813182                   /usr/lib/x86_64-linux-gnu/ld-linux-x86-64.so.2
7c49a9c8b000-7c49a9c8d000 r--p 00036000 fc:05 16813182                   /usr/lib/x86_64-linux-gnu/ld-linux-x86-64.so.2
7c49a9c8d000-7c49a9c8f000 rw-p 00038000 fc:05 16813182                   /usr/lib/x86_64-linux-gnu/ld-linux-x86-64.so.2
7ffc1e3a4000-7ffc1e3c5000 rw-p 00000000 00:00 0                          [stack]
7ffc1e3e8000-7ffc1e3ec000 r--p 00000000 00:00 0                          [vvar]
7ffc1e3ec000-7ffc1e3ee000 r-xp 00000000 00:00 0                          [vdso]
ffffffffff600000-ffffffffff601000 --xp 00000000 00:00 0                  [vsyscall]
Total number of mappings: 402


VM Arguments:
jvm_args: --add-modules=ALL-SYSTEM --add-opens=java.base/java.util=ALL-UNNAMED --add-opens=java.base/java.lang=ALL-UNNAMED --add-opens=java.base/sun.nio.fs=ALL-UNNAMED -Declipse.application=org.eclipse.jdt.ls.core.id1 -Dosgi.bundles.defaultStartLevel=4 -Declipse.product=org.eclipse.jdt.ls.core.product -Djava.import.generatesMetadataFilesAtProjectRoot=false -DDetectVMInstallationsJob.disabled=true -Dfile.encoding=utf8 -XX:+UseParallelGC -XX:GCTimeRatio=4 -XX:AdaptiveSizePolicyWeight=90 -Dsun.zip.disableMemoryMapping=true -Xmx1G -Xms100m -Xlog:disable -javaagent:/home/raymundo.pillaca/.vscode-server/extensions/redhat.java-1.42.0/lombok/lombok-1.18.36.jar -XX:+HeapDumpOnOutOfMemoryError -XX:HeapDumpPath=/home/raymundo.pillaca/.vscode-server/data/User/workspaceStorage/c320ce184086faafd31c788f3d7fd4e0-1/redhat.java -Daether.dependencyCollector.impl=bf 
java_command: /home/raymundo.pillaca/.vscode-server/extensions/redhat.java-1.42.0/server/plugins/org.eclipse.equinox.launcher_1.7.0.v20250424-1814.jar -configuration /home/raymundo.pillaca/.vscode-server/data/User/globalStorage/redhat.java/1.42.0/config_linux -data /home/raymundo.pillaca/.vscode-server/data/User/workspaceStorage/c320ce184086faafd31c788f3d7fd4e0-1/redhat.java/jdt_ws --pipe=/run/user/1001/lsp-d77dfd57a38c0045e0215059904a1a7e.sock
java_class_path (initial): /home/raymundo.pillaca/.vscode-server/extensions/redhat.java-1.42.0/server/plugins/org.eclipse.equinox.launcher_1.7.0.v20250424-1814.jar
Launcher Type: SUN_STANDARD

[Global flags]
    uintx AdaptiveSizePolicyWeight                 = 90                                        {product} {command line}
     intx CICompilerCount                          = 4                                         {product} {ergonomic}
    uintx GCTimeRatio                              = 4                                         {product} {command line}
     bool HeapDumpOnOutOfMemoryError               = true                                   {manageable} {command line}
    ccstr HeapDumpPath                             = /home/raymundo.pillaca/.vscode-server/data/User/workspaceStorage/c320ce184086faafd31c788f3d7fd4e0-1/redhat.java         {manageable} {command line}
   size_t InitialHeapSize                          = 104857600                                 {product} {command line}
   size_t MaxHeapSize                              = 1073741824                                {product} {command line}
   size_t MaxNewSize                               = 357564416                                 {product} {ergonomic}
   size_t MinHeapDeltaBytes                        = 524288                                    {product} {ergonomic}
   size_t MinHeapSize                              = 104857600                                 {product} {command line}
   size_t NewSize                                  = 34603008                                  {product} {ergonomic}
    uintx NonNMethodCodeHeapSize                   = 5839372                                {pd product} {ergonomic}
    uintx NonProfiledCodeHeapSize                  = 122909434                              {pd product} {ergonomic}
   size_t OldSize                                  = 500254592                                  {product} {ergonomic}
    uintx ProfiledCodeHeapSize                     = 122909434                              {pd product} {ergonomic}
    uintx ReservedCodeCacheSize                    = 251658240                              {pd product} {ergonomic}
     bool SegmentedCodeCache                       = true                                      {product} {ergonomic}
   size_t SoftMaxHeapSize                          = 1073741824                             {manageable} {ergonomic}
     bool UseCompressedOops                        = true                           {product lp64_product} {ergonomic}
     bool UseParallelGC                            = true                                      {product} {command line}

Logging:
Log output configuration:
 #0: stdout all=off uptime,level,tags foldmultilines=false
 #1: stderr all=off uptime,level,tags foldmultilines=false

Environment Variables:
PATH=/home/raymundo.pillaca/.vscode-server/cli/servers/Stable-dfaf44141ea9deb3b4096f7cd6d24e00c147a4b1/server/bin/remote-cli:/home/raymundo.pillaca/.bun/bin:/home/raymundo.pillaca/.bun/bin:/home/raymundo.pillaca/.nvm/versions/node/v22.16.0/bin:/home/raymundo.pillaca/.bun/bin:/home/raymundo.pillaca/.bun/bin:/opt/maven/bin:/usr/local/sbin:/usr/local/bin:/usr/sbin:/usr/bin:/sbin:/bin:/usr/games:/usr/local/games:/snap/bin
SHELL=/bin/bash
LANG=es_ES.UTF-8

Active Locale:
LC_ALL=es_ES.UTF-8
LC_COLLATE=es_ES.UTF-8
LC_CTYPE=es_ES.UTF-8
LC_MESSAGES=es_ES.UTF-8
LC_MONETARY=es_ES.UTF-8
LC_NUMERIC=es_ES.UTF-8
LC_TIME=es_ES.UTF-8

Signal Handlers:
   SIGSEGV: crash_handler in libjvm.so, mask=11100100010111111101111111111110, flags=SA_RESTART|SA_SIGINFO, unblocked
    SIGBUS: crash_handler in libjvm.so, mask=11100100010111111101111111111110, flags=SA_RESTART|SA_SIGINFO, unblocked
    SIGFPE: crash_handler in libjvm.so, mask=11100100010111111101111111111110, flags=SA_RESTART|SA_SIGINFO, unblocked
   SIGPIPE: javaSignalHandler in libjvm.so, mask=11100100010111111101111111111110, flags=SA_RESTART|SA_SIGINFO, blocked
   SIGXFSZ: javaSignalHandler in libjvm.so, mask=11100100010111111101111111111110, flags=SA_RESTART|SA_SIGINFO, blocked
    SIGILL: crash_handler in libjvm.so, mask=11100100010111111101111111111110, flags=SA_RESTART|SA_SIGINFO, unblocked
   SIGUSR2: SR_handler in libjvm.so, mask=00000000000000000000000000000000, flags=SA_RESTART|SA_SIGINFO, blocked
    SIGHUP: UserHandler in libjvm.so, mask=11100100010111111101111111111110, flags=SA_RESTART|SA_SIGINFO, blocked
    SIGINT: UserHandler in libjvm.so, mask=11100100010111111101111111111110, flags=SA_RESTART|SA_SIGINFO, blocked
   SIGTERM: UserHandler in libjvm.so, mask=11100100010111111101111111111110, flags=SA_RESTART|SA_SIGINFO, blocked
   SIGQUIT: UserHandler in libjvm.so, mask=11100100010111111101111111111110, flags=SA_RESTART|SA_SIGINFO, blocked
   SIGTRAP: crash_handler in libjvm.so, mask=11100100010111111101111111111110, flags=SA_RESTART|SA_SIGINFO, unblocked


Periodic native trim disabled

---------------  S Y S T E M  ---------------

OS:
DISTRIB_ID=Ubuntu
DISTRIB_RELEASE=24.04
DISTRIB_CODENAME=noble
DISTRIB_DESCRIPTION="Ubuntu 24.04.2 LTS"
uname: Linux 6.8.0-41-generic #41-Ubuntu SMP PREEMPT_DYNAMIC Fri Aug  2 20:41:06 UTC 2024 x86_64
OS uptime: 12 days 1:37 hours
libc: glibc 2.39 NPTL 2.39 
rlimit (soft/hard): STACK 8192k/infinity , CORE 0k/infinity , NPROC 63680/63680 , NOFILE 1048576/1048576 , AS infinity/infinity , CPU infinity/infinity , DATA infinity/infinity , FSIZE infinity/infinity , MEMLOCK 2046908k/2046908k
load average: 210,67 195,74 165,17

/proc/meminfo:
MemTotal:       16375268 kB
MemFree:         1341564 kB
MemAvailable:    1527252 kB
Buffers:               0 kB
Cached:           489584 kB
SwapCached:       253768 kB
Active:          4951092 kB
Inactive:        8653004 kB
Active(anon):    4631272 kB
Inactive(anon):  8616360 kB
Active(file):     319820 kB
Inactive(file):    36644 kB
Unevictable:       26672 kB
Mlocked:           26672 kB
SwapTotal:       4194300 kB
SwapFree:          13588 kB
Zswap:                 0 kB
Zswapped:              0 kB
Dirty:              4580 kB
Writeback:             0 kB
AnonPages:      12902404 kB
Mapped:           278284 kB
Shmem:            124440 kB
KReclaimable:     164708 kB
Slab:             388744 kB
SReclaimable:     164708 kB
SUnreclaim:       224036 kB
KernelStack:       32472 kB
PageTables:       219756 kB
SecPageTables:         0 kB
NFS_Unstable:          0 kB
Bounce:                0 kB
WritebackTmp:          0 kB
CommitLimit:    12381932 kB
Committed_AS:   27010280 kB
VmallocTotal:   34359738367 kB
VmallocUsed:       58480 kB
VmallocChunk:          0 kB
Percpu:            12512 kB
HardwareCorrupted:     0 kB
AnonHugePages:         0 kB
ShmemHugePages:        0 kB
ShmemPmdMapped:        0 kB
FileHugePages:         0 kB
FilePmdMapped:         0 kB
Unaccepted:            0 kB
HugePages_Total:       0
HugePages_Free:        0
HugePages_Rsvd:        0
HugePages_Surp:        0
Hugepagesize:       2048 kB
Hugetlb:               0 kB
DirectMap4k:      468412 kB
DirectMap2M:     6871040 kB
DirectMap1G:    11534336 kB

/sys/kernel/mm/transparent_hugepage/enabled: always [madvise] never
/sys/kernel/mm/transparent_hugepage/hpage_pmd_size: 2097152
/sys/kernel/mm/transparent_hugepage/defrag (defrag/compaction efforts parameter): always defer defer+madvise [madvise] never

Process Memory:
Virtual Size: 6768168K (peak: 6771304K)
Resident Set Size: 943772K (peak: 943772K) (anon: 934888K, file: 8884K, shmem: 0K)
Swapped out: 1152K
C-Heap outstanding allocations: 68774K, retained: 102645K
glibc malloc tunables: (default)

/proc/sys/kernel/threads-max (system-wide limit on the number of threads): 127360
/proc/sys/vm/max_map_count (maximum number of memory map areas a process may have): 1048576
/proc/sys/vm/swappiness (control to define how aggressively the kernel swaps out anonymous memory): 60
/proc/sys/kernel/pid_max (system-wide limit on number of process identifiers): 4194304

container (cgroup) information:
container_type: cgroupv2
cpu_cpuset_cpus: not supported
cpu_memory_nodes: not supported
active_processor_count: 8
cpu_quota: no quota
cpu_period: 100000
cpu_shares: no shares
memory_limit_in_bytes: unlimited
memory_and_swap_limit_in_bytes: unlimited
memory_soft_limit_in_bytes: unlimited
memory_usage_in_bytes: 12024168 k
memory_max_usage_in_bytes: not supported
memory_swap_current_in_bytes: 2924456 k
memory_swap_max_limit_in_bytes: unlimited
maximum number of tasks: unlimited
current number of tasks: 1230

VMWare virtualization detected
Steal ticks since vm start: 0
Steal ticks percentage since vm start:  0,000

CPU: total 8 (initial active 8) (1 cores per cpu, 1 threads per core) family 6 model 143 stepping 8 microcode 0x2b0004d0, cx8, cmov, fxsr, mmx, 3dnowpref, sse, sse2, sse3, ssse3, sse4.1, sse4.2, popcnt, lzcnt, tsc, tscinvbit, avx, avx2, aes, erms, clmul, bmi1, bmi2, adx, avx512f, avx512dq, avx512cd, avx512bw, avx512vl, sha, fma, vzeroupper, avx512_vpopcntdq, avx512_vpclmulqdq, avx512_vaes, avx512_vnni, clflush, clflushopt, clwb, avx512_vbmi2, avx512_vbmi, hv, serialize, rdtscp, rdpid, fsrm, gfni, avx512_bitalg, f16c, pku, ospke, cet_ss, avx512_ifma
CPU Model and flags from /proc/cpuinfo:
model name	: Intel(R) Xeon(R) Gold 6418H
flags		: fpu vme de pse tsc msr pae mce cx8 apic sep mtrr pge mca cmov pat pse36 clflush mmx fxsr sse sse2 ss syscall nx pdpe1gb rdtscp lm constant_tsc arch_perfmon rep_good nopl xtopology tsc_reliable nonstop_tsc cpuid tsc_known_freq pni pclmulqdq ssse3 fma cx16 pcid sse4_1 sse4_2 x2apic movbe popcnt tsc_deadline_timer aes xsave avx f16c rdrand hypervisor lahf_lm abm 3dnowprefetch ssbd ibrs ibpb stibp ibrs_enhanced fsgsbase tsc_adjust bmi1 avx2 smep bmi2 erms invpcid avx512f avx512dq rdseed adx smap avx512ifma clflushopt clwb avx512cd sha_ni avx512bw avx512vl xsaveopt xsavec xgetbv1 xsaves user_shstk avx_vnni avx512_bf16 wbnoinvd arat avx512vbmi umip pku ospke avx512_vbmi2 gfni vaes vpclmulqdq avx512_vnni avx512_bitalg avx512_vpopcntdq rdpid cldemote movdiri movdir64b fsrm md_clear serialize amx_bf16 avx512_fp16 amx_tile amx_int8 flush_l1d arch_capabilities

Online cpus: 0-7
Offline cpus: 
BIOS frequency limitation: <Not Available>
Frequency switch latency (ns): <Not Available>
Available cpu frequencies: <Not Available>
Current governor: <Not Available>
Core performance/turbo boost: <Not Available>

Memory: 4k page, physical 16375268k(1540192k free), swap 4194300k(14104k free)
Page Sizes: 4k

vm_info: OpenJDK 64-Bit Server VM (21.0.7+6-LTS) for linux-amd64 JRE (21.0.7+6-LTS), built on 2025-04-15T00:00:00Z by "admin" with gcc 11.3.0

END.
